#
# A fatal error has been detected by the Java Runtime Environment:
#
#  EXCEPTION_ACCESS_VIOLATION (0xc0000005) at pc=0x00007ffc13a129d6, pid=23836, tid=28232
#
# JRE version: OpenJDK Runtime Environment Temurin-21.0.6+7 (21.0.6+7) (build 21.0.6+7-LTS)
# Java VM: OpenJDK 64-Bit Server VM Temurin-21.0.6+7 (21.0.6+7-LTS, mixed mode, sharing, tiered, compressed oops, compressed class ptrs, g1 gc, windows-amd64)
# Problematic frame:
# V  [jvm.dll+0x1e29d6]
#
# No core dump will be written. Minidumps are not enabled by default on client versions of Windows
#
# If you would like to submit a bug report, please visit:
#   https://github.com/adoptium/adoptium-support/issues
#

---------------  S U M M A R Y ------------

Command Line: --add-opens=java.base/java.lang=ALL-UNNAMED --add-opens=java.base/java.lang.invoke=ALL-UNNAMED --add-opens=java.base/java.util=ALL-UNNAMED --add-opens=java.prefs/java.util.prefs=ALL-UNNAMED --add-exports=jdk.compiler/com.sun.tools.javac.api=ALL-UNNAMED --add-exports=jdk.compiler/com.sun.tools.javac.util=ALL-UNNAMED --add-opens=java.base/java.util=ALL-UNNAMED --add-opens=java.prefs/java.util.prefs=ALL-UNNAMED --add-opens=java.base/java.nio.charset=ALL-UNNAMED --add-opens=java.base/java.net=ALL-UNNAMED --add-opens=java.base/java.util.concurrent=ALL-UNNAMED --add-opens=java.base/java.util.concurrent.atomic=ALL-UNNAMED --add-opens=java.xml/javax.xml.namespace=ALL-UNNAMED --add-opens=java.base/java.time=ALL-UNNAMED -Xmx2G -Dfile.encoding=UTF-8 -Duser.country=BR -Duser.language=pt -Duser.variant -javaagent:C:\Users\samue\.gradle\wrapper\dists\gradle-9.2.1-bin\2t0n5ozlw9xmuyvbp7dnzaxug\gradle-9.2.1\lib\agents\gradle-instrumentation-agent-9.2.1.jar -Xmx25G org.gradle.launcher.daemon.bootstrap.GradleDaemon 9.2.1

Host: AMD Ryzen 7 5700X 8-Core Processor             , 16 cores, 31G,  Windows 11 , 64 bit Build 26100 (10.0.26100.7705)
Time: Wed Mar 18 16:57:12 2026 Hora Padr緌 de Caracas elapsed time: 8.435817 seconds (0d 0h 0m 8s)

---------------  T H R E A D  ---------------

Current thread (0x000001c8442ee160):  JavaThread "C2 CompilerThread6" daemon [_thread_in_native, id=28232, stack(0x000000313f600000,0x000000313f700000) (1024K)]


Current CompileTask:
C2:8435 11320       4       org.gradle.cache.internal.btree.CachingBlockStore::read (56 bytes)

Stack: [0x000000313f600000,0x000000313f700000],  sp=0x000000313f6fc800,  free space=1010k
Native frames: (J=compiled Java code, j=interpreted, Vv=VM code, C=native code)
V  [jvm.dll+0x1e29d6]
V  [jvm.dll+0x3b694b]
V  [jvm.dll+0x3b5a55]
V  [jvm.dll+0x1e003e]
V  [jvm.dll+0x247b42]
V  [jvm.dll+0x246fcf]
V  [jvm.dll+0x1c75ee]
V  [jvm.dll+0x25685a]
V  [jvm.dll+0x254dfa]
V  [jvm.dll+0x3f0256]
V  [jvm.dll+0x851f8b]
V  [jvm.dll+0x6cc5ed]
C  [ucrtbase.dll+0x37b0]
C  [KERNEL32.DLL+0x2e8d7]
C  [ntdll.dll+0x8c40c]


siginfo: EXCEPTION_ACCESS_VIOLATION (0xc0000005), reading address 0x000001c842b2fde0


Registers:
RAX=0x000001c842b2fde0, RBX=0x000001c845ee8870, RCX=0x0000000000000000, RDX=0x00000000000000a1
RSP=0x000000313f6fc800, RBP=0x000000313f6fcba0, RSI=0x000000000000098f, RDI=0x00000000000000a1
R8 =0x00000000000000a1, R9 =0x0000000000000000, R10=0x0000000000400000, R11=0x0000000000000000
R12=0x000001c84443507c, R13=0x0000000000000018, R14=0x000000313f6fcf40, R15=0x0000000000000000
RIP=0x00007ffc13a129d6, EFLAGS=0x0000000000010257

XMM[0]=0x0000000000000000 0x3ef24e9b1eaee9f0
XMM[1]=0x0000000000000000 0x3f60240df3b85c73
XMM[2]=0x0000000000000000 0x3ec868ced393e294
XMM[3]=0x0000000000000000 0x0000000000000000
XMM[4]=0x0000000000000000 0x0000000000000000
XMM[5]=0x0000000000000000 0x0000000000000000
XMM[6]=0x0000000000000000 0x3ec868ced393e294
XMM[7]=0x0000000000000000 0x0000000000000000
XMM[8]=0x0000000000000000 0x0000000000000000
XMM[9]=0x0000000000000000 0x0000000000000000
XMM[10]=0x0000000000000000 0x0000000000000000
XMM[11]=0x0000000000000000 0x0000000000000000
XMM[12]=0x0000000000000000 0x0000000000000000
XMM[13]=0x0000000000000000 0x0000000000000000
XMM[14]=0x0000000000000000 0x0000000000000000
XMM[15]=0x0000000000000000 0x0000000000000000
  MXCSR=0x00001fa0


Register to memory mapping:

RAX=0x000001c842b2fde0 is an unknown value
RBX=0x000001c845ee8870 points into unknown readable memory: 0x0000000000000000 | 00 00 00 00 00 00 00 00
RCX=0x0 is null
RDX=0x00000000000000a1 is an unknown value
RSP=0x000000313f6fc800 is pointing into the stack for thread: 0x000001c8442ee160
RBP=0x000000313f6fcba0 is pointing into the stack for thread: 0x000001c8442ee160
RSI=0x000000000000098f is an unknown value
RDI=0x00000000000000a1 is an unknown value
R8 =0x00000000000000a1 is an unknown value
R9 =0x0 is null
R10=0x0000000000400000 is an unknown value
R11=0x0 is null
R12=0x000001c84443507c points into unknown readable memory: 12 00 00 00
R13=0x0000000000000018 is an unknown value
R14=0x000000313f6fcf40 is pointing into the stack for thread: 0x000001c8442ee160
R15=0x0 is null

Top of Stack: (sp=0x000000313f6fc800)
0x000000313f6fc800:   ffffffffffffffff 0000000a00000000
0x000000313f6fc810:   0000000000030000 0000000000000000
0x000000313f6fc820:   000001c845f74ee0 00007ffc13be694b
0x000000313f6fc830:   000001c845fd7280 000000313f6fc9a0
0x000000313f6fc840:   000000000000098f 0000000000000000
0x000000313f6fc850:   0000000000000000 00000003000000a1
0x000000313f6fc860:   0000001500000001 000001c845e22be0
0x000000313f6fc870:   000001c83f811888 000000313f6fc980
0x000000313f6fc880:   000001c844435050 000001c845fd7280
0x000000313f6fc890:   0000000000000002 00007ffc13be5a55
0x000000313f6fc8a0:   000001c84443507c 000000313f6fc9a0
0x000000313f6fc8b0:   000000313f6fcf40 00000000000e5270
0x000000313f6fc8c0:   000000313f6fc8f0 0000000000000006
0x000000313f6fc8d0:   0000000300000016 000001c8418088d8
0x000000313f6fc8e0:   0000000000000017 000001c8418088b8
0x000000313f6fc8f0:   0000001600000000 0000000e00000020
0x000000313f6fc900:   00007ffc00000000 0000001800000001
0x000000313f6fc910:   0000000d0000000c 00007ffd00000000
0x000000313f6fc920:   0000000000000065 000001c80000098f
0x000000313f6fc930:   0000000000000004 0000000000000000
0x000000313f6fc940:   00000003000014a4 0000001500000015
0x000000313f6fc950:   000001c845e20c40 000001c83f811888
0x000000313f6fc960:   000000313f6fc980 000001c841808924
0x000000313f6fc970:   000001c84180892c 00000000000004b3
0x000000313f6fc980:   000000150000000b 000001c83f811888
0x000000313f6fc990:   000001c840a5da10 00007ffc138f5731
0x000000313f6fc9a0:   00000000000004a0 0000000000000094
0x000000313f6fc9b0:   000001c846998070 00000000000004b3
0x000000313f6fc9c0:   0000000000000000 00007ffc13e07b9b
0x000000313f6fc9d0:   0000000000000014 000000313f6fca69
0x000000313f6fc9e0:   0000000000000000 000000313f6fca69
0x000000313f6fc9f0:   000000313f6fca60 00007ffc13f4bade 

Instructions: (pc=0x00007ffc13a129d6)
0x00007ffc13a128d6:   48 83 bb 88 00 00 00 00 7d 07 b8 ff ff 0f 00 eb
0x00007ffc13a128e6:   09 48 8d 4b 38 e8 d0 8c 53 00 0f b7 8b 9c 00 00
0x00007ffc13a128f6:   00 3b c1 89 83 98 00 00 00 79 11 81 8b a8 00 00
0x00007ffc13a12906:   00 00 01 00 00 c7 43 30 2f 75 00 00 ff c7 c7 43
0x00007ffc13a12916:   34 00 00 00 00 3b be e0 00 00 00 0f 82 7b ff ff
0x00007ffc13a12926:   ff 0f 28 74 24 40 48 83 c4 58 41 5f 41 5e 41 5d
0x00007ffc13a12936:   41 5c 5f 5e 5d 5b c3 ba f8 03 00 00 48 8d 0d bf
0x00007ffc13a12946:   c6 81 00 e8 a2 cc 09 00 cc 90 00 25 1e 00 3d 29
0x00007ffc13a12956:   1e 00 00 25 1e 00 00 25 1e 00 8d 24 1e 00 00 25
0x00007ffc13a12966:   1e 00 cd 24 1e 00 cd 24 1e 00 41 25 1e 00 00 25
0x00007ffc13a12976:   1e 00 20 25 1e 00 41 25 1e 00 5f 25 1e 00 7d 25
0x00007ffc13a12986:   1e 00 20 25 1e 00 00 25 1e 00 48 8b 41 58 48 8d
0x00007ffc13a12996:   0d 89 77 a5 00 48 63 40 10 48 c1 e0 05 8b 04 08
0x00007ffc13a129a6:   c3 cc cc cc cc cc cc cc cc cc 40 53 48 83 ec 20
0x00007ffc13a129b6:   48 8b d9 85 d2 75 08 32 c0 48 83 c4 20 5b c3 48
0x00007ffc13a129c6:   8b 43 08 8b ca 48 c1 e9 08 48 89 7c 24 30 8b fa
0x00007ffc13a129d6:   4c 8b 04 c8 48 8d 05 bf 39 ab 00 4c 3b c0 75 0b
0x00007ffc13a129e6:   48 8b cb e8 f2 8d 1d 00 4c 8b c0 40 0f b6 cf ba
0x00007ffc13a129f6:   01 00 00 00 48 c1 ef 06 80 e1 3f 83 e7 03 48 d3
0x00007ffc13a12a06:   e2 49 8b 0c f8 48 8b c1 48 0b c2 49 89 04 f8 48
0x00007ffc13a12a16:   8b 7c 24 30 48 23 ca 75 02 ff 03 48 85 c9 0f 94
0x00007ffc13a12a26:   c0 48 83 c4 20 5b c3 cc cc cc 44 8b d2 41 3b d0
0x00007ffc13a12a36:   7c 49 41 8d 80 c0 02 00 00 3b d0 7d 3e 44 8b ca
0x00007ffc13a12a46:   45 2b c8 41 8b c1 83 e0 3f 0f b6 d0 41 8b c1 48
0x00007ffc13a12a56:   c1 e8 06 48 8b 44 c1 38 48 0f a3 d0 73 1d 0f b7
0x00007ffc13a12a66:   81 9c 00 00 00 83 f8 01 74 0e 8d 48 ff 8b c1 41
0x00007ffc13a12a76:   23 c2 3b c1 0f 94 c0 c3 b0 01 c3 32 c0 c3 cc cc
0x00007ffc13a12a86:   cc cc cc cc cc cc cc cc cc cc 40 55 41 55 41 57
0x00007ffc13a12a96:   48 83 ec 30 48 8b 41 48 33 ed 45 33 ff 4c 8b e9
0x00007ffc13a12aa6:   39 68 40 0f 86 c9 00 00 00 48 89 5c 24 50 48 89
0x00007ffc13a12ab6:   74 24 58 48 89 7c 24 60 4c 89 64 24 28 4c 89 74
0x00007ffc13a12ac6:   24 20 0f 1f 84 00 00 00 00 00 48 8b 40 30 33 f6 


Stack slot to memory mapping:

stack at sp + 0 slots: 0xffffffffffffffff is an unknown value
stack at sp + 1 slots: 0x0000000a00000000 is an unknown value
stack at sp + 2 slots: 0x0000000000030000 is an unknown value
stack at sp + 3 slots: 0x0 is null
stack at sp + 4 slots: 0x000001c845f74ee0 points into unknown readable memory: 0x3f60240df3b85c73 | 73 5c b8 f3 0d 24 60 3f
stack at sp + 5 slots: 0x00007ffc13be694b jvm.dll
stack at sp + 6 slots: 0x000001c845fd7280 points into unknown readable memory: 0x3ec868ced393e294 | 94 e2 93 d3 ce 68 c8 3e
stack at sp + 7 slots: 0x000000313f6fc9a0 is pointing into the stack for thread: 0x000001c8442ee160


---------------  P R O C E S S  ---------------

Threads class SMR info:
_java_thread_list=0x000001c847430eb0, length=230, elements={
0x000001c7bebce750, 0x000001c83a092430, 0x000001c83a093e00, 0x000001c83a097890,
0x000001c83a099650, 0x000001c83a09bb90, 0x000001c83a09e5f0, 0x000001c83a0af020,
0x000001c83a0b0da0, 0x000001c7d6d111e0, 0x000001c83a3b0080, 0x000001c840200710,
0x000001c83f6c02c0, 0x000001c840261bc0, 0x000001c840213940, 0x000001c84042f0a0,
0x000001c840258830, 0x000001c840254be0, 0x000001c840418d30, 0x000001c8404186a0,
0x000001c8404193c0, 0x000001c840415f40, 0x000001c8404172f0, 0x000001c8404165d0,
0x000001c840417980, 0x000001c840416c60, 0x000001c840418010, 0x000001c841c77770,
0x000001c841c791b0, 0x000001c841c77e00, 0x000001c841c78b20, 0x000001c841c78490,
0x000001c841c79840, 0x000001c841c770e0, 0x000001c841c79ed0, 0x000001c841c7d350,
0x000001c841c7d9e0, 0x000001c841c7a560, 0x000001c841c7b910, 0x000001c841c7e070,
0x000001c841c7abf0, 0x000001c841c7e700, 0x000001c841c7bfa0, 0x000001c841c7c630,
0x000001c84748cbb0, 0x000001c84748d240, 0x000001c84748ec80, 0x000001c84748be90,
0x000001c84748f310, 0x000001c84748d8d0, 0x000001c84748df60, 0x000001c84748f9a0,
0x000001c84748c520, 0x000001c847490030, 0x000001c847491a70, 0x000001c84748e5f0,
0x000001c8474906c0, 0x000001c847492100, 0x000001c8474913e0, 0x000001c847490d50,
0x000001c847492790, 0x000001c8474934b0, 0x000001c847492e20, 0x000001c8451ec180,
0x000001c8451e8d00, 0x000001c8451ea0b0, 0x000001c8451e9a20, 0x000001c8451eb460,
0x000001c8451ec810, 0x000001c8451e9390, 0x000001c8451ed530, 0x000001c8451ebaf0,
0x000001c8451ecea0, 0x000001c8451edbc0, 0x000001c8451ea740, 0x000001c8451ee250,
0x000001c8451eadd0, 0x000001c8451ee8e0, 0x000001c8451efc90, 0x000001c8451f0320,
0x000001c8451eef70, 0x000001c8451ef600, 0x000001c84391c410, 0x000001c84391caa0,
0x000001c84391de50, 0x000001c84391d7c0, 0x000001c84391b6f0, 0x000001c84391bd80,
0x000001c84391d130, 0x000001c84391e4e0, 0x000001c84391b060, 0x000001c843921960,
0x000001c8439205b0, 0x000001c84391ff20, 0x000001c84391f890, 0x000001c843920c40,
0x000001c8439212d0, 0x000001c84391eb70, 0x000001c843922680, 0x000001c843921ff0,
0x000001c84391f200, 0x000001c83f87c630, 0x000001c83f87ccc0, 0x000001c83f879840,
0x000001c83f87abf0, 0x000001c83f87a560, 0x000001c83f87d350, 0x000001c83f87b280,
0x000001c83f87b910, 0x000001c83f87bfa0, 0x000001c83f879ed0, 0x000001c83f87e070,
0x000001c83f880140, 0x000001c83f87e700, 0x000001c83f87ed90, 0x000001c83f87f420,
0x000001c83f87fab0, 0x000001c83f8807d0, 0x000001c83f87d9e0, 0x000001c83f880e60,
0x000001c841e41cf0, 0x000001c841e42a10, 0x000001c841e42380, 0x000001c841e430a0,
0x000001c841e43730, 0x000001c841e44450, 0x000001c841e40fd0, 0x000001c841e44ae0,
0x000001c841e41660, 0x000001c841e45e90, 0x000001c841e47240, 0x000001c841e45170,
0x000001c841e45800, 0x000001c841e46520, 0x000001c841e478d0, 0x000001c841e46bb0,
0x000001c841e485f0, 0x000001c841e47f60, 0x000001c841513470, 0x000001c841512de0,
0x000001c841514820, 0x000001c841513b00, 0x000001c841514eb0, 0x000001c841511a30,
0x000001c841515540, 0x000001c841512750, 0x000001c8415120c0, 0x000001c841515bd0,
0x000001c841516260, 0x000001c8415168f0, 0x000001c841516f80, 0x000001c841514190,
0x000001c841517610, 0x000001c841517ca0, 0x000001c841518330, 0x000001c8415189c0,
0x000001c841519050, 0x000001c841ddacf0, 0x000001c841ddc0a0, 0x000001c841dddae0,
0x000001c8442eda90, 0x000001c8442ef5d0, 0x000001c8442eccf0, 0x000001c8442f0a40,
0x000001c841dde170, 0x000001c841dde800, 0x000001c841ddcdc0, 0x000001c841ddb380,
0x000001c841ddc730, 0x000001c841ddd450, 0x000001c841ddee90, 0x000001c841ddba10,
0x000001c841de0240, 0x000001c841ddfbb0, 0x000001c841de08d0, 0x000001c841de0f60,
0x000001c841ddf520, 0x000001c841de15f0, 0x000001c841de1c80, 0x000001c8442f0370,
0x000001c8442ed3c0, 0x000001c8442f17e0, 0x000001c8442f1110, 0x000001c8442ee160,
0x000001c8442f2580, 0x000001c841de2310, 0x000001c846c8b830, 0x000001c846c8a480,
0x000001c846c89df0, 0x000001c846c8ab10, 0x000001c846c8b1a0, 0x000001c846c8bec0,
0x000001c846c890d0, 0x000001c846c88a40, 0x000001c846c8c550, 0x000001c846c8cbe0,
0x000001c846c89760, 0x000001c846c8e620, 0x000001c846c8ecb0, 0x000001c846c8f340,
0x000001c846c8f9d0, 0x000001c846c906f0, 0x000001c846c90d80, 0x000001c846c90060,
0x000001c846c8d270, 0x000001c846c8d900, 0x000001c846c91410, 0x000001c846c8df90,
0x000001c846c93b70, 0x000001c846c94890, 0x000001c846c934e0, 0x000001c846c94200,
0x000001c846c92130, 0x000001c846c94f20, 0x000001c846c91aa0, 0x000001c846c92e50,
0x000001c846c95c40, 0x000001c846c927c0, 0x000001c846c97d10, 0x000001c846c96ff0,
0x000001c846c962d0, 0x000001c846c97680, 0x000001c846c96960, 0x000001c846134aa0,
0x000001c846133060, 0x000001c846133d80, 0x000001c846135e50, 0x000001c8461329d0,
0x000001c8461336f0, 0x000001c846135130
}

Java Threads: ( => current thread )
  0x000001c7bebce750 JavaThread "main"                              [_thread_blocked, id=9260, stack(0x0000003132a00000,0x0000003132b00000) (1024K)]
  0x000001c83a092430 JavaThread "Reference Handler"          daemon [_thread_blocked, id=5764, stack(0x0000003133200000,0x0000003133300000) (1024K)]
  0x000001c83a093e00 JavaThread "Finalizer"                  daemon [_thread_blocked, id=11044, stack(0x0000003133300000,0x0000003133400000) (1024K)]
  0x000001c83a097890 JavaThread "Signal Dispatcher"          daemon [_thread_blocked, id=13092, stack(0x0000003133400000,0x0000003133500000) (1024K)]
  0x000001c83a099650 JavaThread "Attach Listener"            daemon [_thread_blocked, id=24368, stack(0x0000003133500000,0x0000003133600000) (1024K)]
  0x000001c83a09bb90 JavaThread "Service Thread"             daemon [_thread_blocked, id=35828, stack(0x0000003133600000,0x0000003133700000) (1024K)]
  0x000001c83a09e5f0 JavaThread "Monitor Deflation Thread"   daemon [_thread_blocked, id=32912, stack(0x0000003133700000,0x0000003133800000) (1024K)]
  0x000001c83a0af020 JavaThread "C2 CompilerThread0"         daemon [_thread_in_native, id=25672, stack(0x0000003133800000,0x0000003133900000) (1024K)]
  0x000001c83a0b0da0 JavaThread "C1 CompilerThread0"         daemon [_thread_blocked, id=17268, stack(0x0000003133900000,0x0000003133a00000) (1024K)]
  0x000001c7d6d111e0 JavaThread "Common-Cleaner"             daemon [_thread_blocked, id=33148, stack(0x0000003133a00000,0x0000003133b00000) (1024K)]
  0x000001c83a3b0080 JavaThread "Notification Thread"        daemon [_thread_blocked, id=35120, stack(0x0000003133d00000,0x0000003133e00000) (1024K)]
  0x000001c840200710 JavaThread "Daemon health stats"               [_thread_blocked, id=27680, stack(0x0000003134d00000,0x0000003134e00000) (1024K)]
  0x000001c83f6c02c0 JavaThread "Incoming local TCP Connector on port 61022"        [_thread_in_native, id=8020, stack(0x0000003134f00000,0x0000003135000000) (1024K)]
  0x000001c840261bc0 JavaThread "Daemon periodic checks"            [_thread_blocked, id=33576, stack(0x0000003135000000,0x0000003135100000) (1024K)]
  0x000001c840213940 JavaThread "Daemon"                            [_thread_blocked, id=23904, stack(0x0000003135100000,0x0000003135200000) (1024K)]
  0x000001c84042f0a0 JavaThread "Handler for socket connection from /127.0.0.1:61022 to /127.0.0.1:61023"        [_thread_in_native, id=34080, stack(0x0000003135200000,0x0000003135300000) (1024K)]
  0x000001c840258830 JavaThread "Cancel handler"                    [_thread_blocked, id=4880, stack(0x0000003135300000,0x0000003135400000) (1024K)]
  0x000001c840254be0 JavaThread "Daemon worker"                     [_thread_blocked, id=33304, stack(0x0000003135400000,0x0000003135500000) (1024K)]
  0x000001c840418d30 JavaThread "Asynchronous log dispatcher for DefaultDaemonConnection: socket connection from /127.0.0.1:61022 to /127.0.0.1:61023"        [_thread_blocked, id=32120, stack(0x0000003135500000,0x0000003135600000) (1024K)]
  0x000001c8404186a0 JavaThread "Stdin handler"                     [_thread_blocked, id=33060, stack(0x0000003135600000,0x0000003135700000) (1024K)]
  0x000001c8404193c0 JavaThread "Daemon client event forwarder"        [_thread_blocked, id=3012, stack(0x0000003135700000,0x0000003135800000) (1024K)]
  0x000001c840415f40 JavaThread "Cache worker for journal cache (C:\Users\samue\.gradle\caches\journal-1)"        [_thread_blocked, id=29340, stack(0x0000003135800000,0x0000003135900000) (1024K)]
  0x000001c8404172f0 JavaThread "File lock request listener"        [_thread_in_native, id=32208, stack(0x0000003135900000,0x0000003135a00000) (1024K)]
  0x000001c8404165d0 JavaThread "Cache worker for file hash cache (C:\Users\samue\.gradle\caches\9.2.1\fileHashes)"        [_thread_blocked, id=5568, stack(0x0000003135a00000,0x0000003135b00000) (1024K)]
  0x000001c840417980 JavaThread "Cache worker for file hash cache (C:\Users\samue\IdeaProjects\IQ\.gradle\9.2.1\fileHashes)"        [_thread_blocked, id=34416, stack(0x0000003135e00000,0x0000003135f00000) (1024K)]
  0x000001c840416c60 JavaThread "Cache worker for Build Output Cleanup Cache (C:\Users\samue\IdeaProjects\IQ\.gradle\buildOutputCleanup)"        [_thread_blocked, id=16828, stack(0x0000003135f00000,0x0000003136000000) (1024K)]
  0x000001c840418010 JavaThread "File watcher server"        daemon [_thread_in_native, id=11320, stack(0x0000003136000000,0x0000003136100000) (1024K)]
  0x000001c841c77770 JavaThread "File watcher consumer"      daemon [_thread_blocked, id=13196, stack(0x0000003136100000,0x0000003136200000) (1024K)]
  0x000001c841c791b0 JavaThread "Cache worker for checksums cache (C:\Users\samue\IdeaProjects\IQ\.gradle\9.2.1\checksums)"        [_thread_blocked, id=24500, stack(0x0000003136200000,0x0000003136300000) (1024K)]
  0x000001c841c77e00 JavaThread "Cache worker for file content cache (C:\Users\samue\.gradle\caches\9.2.1\fileContent)"        [_thread_blocked, id=35416, stack(0x0000003136300000,0x0000003136400000) (1024K)]
  0x000001c841c78b20 JavaThread "Cache worker for cache directory md-supplier (C:\Users\samue\.gradle\caches\9.2.1\md-supplier)"        [_thread_blocked, id=28744, stack(0x0000003136400000,0x0000003136500000) (1024K)]
  0x000001c841c78490 JavaThread "Cache worker for cache directory md-rule (C:\Users\samue\.gradle\caches\9.2.1\md-rule)"        [_thread_blocked, id=29312, stack(0x0000003136500000,0x0000003136600000) (1024K)]
  0x000001c841c79840 JavaThread "jar transforms"                    [_thread_blocked, id=8932, stack(0x0000003136600000,0x0000003136700000) (1024K)]
  0x000001c841c770e0 JavaThread "jar transforms Thread 2"           [_thread_blocked, id=34540, stack(0x0000003136700000,0x0000003136800000) (1024K)]
  0x000001c841c79ed0 JavaThread "jar transforms Thread 3"           [_thread_blocked, id=11508, stack(0x0000003136800000,0x0000003136900000) (1024K)]
  0x000001c841c7d350 JavaThread "Unconstrained build operations"        [_thread_blocked, id=25804, stack(0x0000003136900000,0x0000003136a00000) (1024K)]
  0x000001c841c7d9e0 JavaThread "Unconstrained build operations Thread 2"        [_thread_blocked, id=12616, stack(0x0000003136a00000,0x0000003136b00000) (1024K)]
  0x000001c841c7a560 JavaThread "Unconstrained build operations Thread 3"        [_thread_blocked, id=35160, stack(0x0000003136b00000,0x0000003136c00000) (1024K)]
  0x000001c841c7b910 JavaThread "Unconstrained build operations Thread 4"        [_thread_blocked, id=4972, stack(0x0000003136c00000,0x0000003136d00000) (1024K)]
  0x000001c841c7e070 JavaThread "Unconstrained build operations Thread 5"        [_thread_blocked, id=35356, stack(0x0000003136d00000,0x0000003136e00000) (1024K)]
  0x000001c841c7abf0 JavaThread "Unconstrained build operations Thread 6"        [_thread_blocked, id=13520, stack(0x0000003136e00000,0x0000003136f00000) (1024K)]
  0x000001c841c7e700 JavaThread "Unconstrained build operations Thread 7"        [_thread_blocked, id=10448, stack(0x0000003136f00000,0x0000003137000000) (1024K)]
  0x000001c841c7bfa0 JavaThread "Unconstrained build operations Thread 8"        [_thread_blocked, id=26520, stack(0x0000003137000000,0x0000003137100000) (1024K)]
  0x000001c841c7c630 JavaThread "Unconstrained build operations Thread 9"        [_thread_blocked, id=32532, stack(0x0000003137100000,0x0000003137200000) (1024K)]
  0x000001c84748cbb0 JavaThread "Unconstrained build operations Thread 10"        [_thread_blocked, id=26912, stack(0x0000003137200000,0x0000003137300000) (1024K)]
  0x000001c84748d240 JavaThread "Unconstrained build operations Thread 11"        [_thread_blocked, id=26956, stack(0x0000003137300000,0x0000003137400000) (1024K)]
  0x000001c84748ec80 JavaThread "Unconstrained build operations Thread 12"        [_thread_blocked, id=9812, stack(0x0000003137400000,0x0000003137500000) (1024K)]
  0x000001c84748be90 JavaThread "Unconstrained build operations Thread 13"        [_thread_blocked, id=29732, stack(0x0000003137500000,0x0000003137600000) (1024K)]
  0x000001c84748f310 JavaThread "Unconstrained build operations Thread 14"        [_thread_blocked, id=31624, stack(0x0000003137600000,0x0000003137700000) (1024K)]
  0x000001c84748d8d0 JavaThread "Unconstrained build operations Thread 15"        [_thread_blocked, id=25504, stack(0x0000003137700000,0x0000003137800000) (1024K)]
  0x000001c84748df60 JavaThread "Unconstrained build operations Thread 16"        [_thread_blocked, id=35256, stack(0x0000003137800000,0x0000003137900000) (1024K)]
  0x000001c84748f9a0 JavaThread "Unconstrained build operations Thread 17"        [_thread_blocked, id=32356, stack(0x0000003137900000,0x0000003137a00000) (1024K)]
  0x000001c84748c520 JavaThread "Unconstrained build operations Thread 18"        [_thread_blocked, id=27320, stack(0x0000003137a00000,0x0000003137b00000) (1024K)]
  0x000001c847490030 JavaThread "Unconstrained build operations Thread 19"        [_thread_blocked, id=32960, stack(0x0000003137b00000,0x0000003137c00000) (1024K)]
  0x000001c847491a70 JavaThread "Unconstrained build operations Thread 20"        [_thread_blocked, id=32400, stack(0x0000003137c00000,0x0000003137d00000) (1024K)]
  0x000001c84748e5f0 JavaThread "Unconstrained build operations Thread 21"        [_thread_blocked, id=1192, stack(0x0000003137d00000,0x0000003137e00000) (1024K)]
  0x000001c8474906c0 JavaThread "Unconstrained build operations Thread 22"        [_thread_blocked, id=33272, stack(0x0000003137e00000,0x0000003137f00000) (1024K)]
  0x000001c847492100 JavaThread "Unconstrained build operations Thread 23"        [_thread_blocked, id=35736, stack(0x0000003137f00000,0x0000003138000000) (1024K)]
  0x000001c8474913e0 JavaThread "Unconstrained build operations Thread 24"        [_thread_blocked, id=29784, stack(0x0000003138000000,0x0000003138100000) (1024K)]
  0x000001c847490d50 JavaThread "Unconstrained build operations Thread 25"        [_thread_blocked, id=29344, stack(0x0000003138100000,0x0000003138200000) (1024K)]
  0x000001c847492790 JavaThread "Unconstrained build operations Thread 26"        [_thread_blocked, id=35320, stack(0x0000003138200000,0x0000003138300000) (1024K)]
  0x000001c8474934b0 JavaThread "Unconstrained build operations Thread 27"        [_thread_blocked, id=20008, stack(0x0000003138300000,0x0000003138400000) (1024K)]
  0x000001c847492e20 JavaThread "Unconstrained build operations Thread 28"        [_thread_blocked, id=17656, stack(0x0000003138400000,0x0000003138500000) (1024K)]
  0x000001c8451ec180 JavaThread "Unconstrained build operations Thread 29"        [_thread_blocked, id=34008, stack(0x0000003138500000,0x0000003138600000) (1024K)]
  0x000001c8451e8d00 JavaThread "Unconstrained build operations Thread 30"        [_thread_blocked, id=31820, stack(0x0000003138600000,0x0000003138700000) (1024K)]
  0x000001c8451ea0b0 JavaThread "Unconstrained build operations Thread 31"        [_thread_blocked, id=31192, stack(0x0000003138700000,0x0000003138800000) (1024K)]
  0x000001c8451e9a20 JavaThread "Unconstrained build operations Thread 32"        [_thread_blocked, id=15472, stack(0x0000003138800000,0x0000003138900000) (1024K)]
  0x000001c8451eb460 JavaThread "Unconstrained build operations Thread 33"        [_thread_blocked, id=31224, stack(0x0000003138900000,0x0000003138a00000) (1024K)]
  0x000001c8451ec810 JavaThread "Unconstrained build operations Thread 34"        [_thread_blocked, id=9988, stack(0x0000003138a00000,0x0000003138b00000) (1024K)]
  0x000001c8451e9390 JavaThread "Unconstrained build operations Thread 35"        [_thread_blocked, id=35440, stack(0x0000003138b00000,0x0000003138c00000) (1024K)]
  0x000001c8451ed530 JavaThread "Unconstrained build operations Thread 36"        [_thread_blocked, id=12124, stack(0x0000003138c00000,0x0000003138d00000) (1024K)]
  0x000001c8451ebaf0 JavaThread "Unconstrained build operations Thread 37"        [_thread_blocked, id=17516, stack(0x0000003138d00000,0x0000003138e00000) (1024K)]
  0x000001c8451ecea0 JavaThread "Unconstrained build operations Thread 38"        [_thread_blocked, id=11492, stack(0x0000003138e00000,0x0000003138f00000) (1024K)]
  0x000001c8451edbc0 JavaThread "Unconstrained build operations Thread 39"        [_thread_blocked, id=31828, stack(0x0000003138f00000,0x0000003139000000) (1024K)]
  0x000001c8451ea740 JavaThread "Unconstrained build operations Thread 40"        [_thread_blocked, id=35656, stack(0x0000003139000000,0x0000003139100000) (1024K)]
  0x000001c8451ee250 JavaThread "Unconstrained build operations Thread 41"        [_thread_blocked, id=34912, stack(0x0000003139100000,0x0000003139200000) (1024K)]
  0x000001c8451eadd0 JavaThread "Unconstrained build operations Thread 42"        [_thread_blocked, id=31076, stack(0x0000003139200000,0x0000003139300000) (1024K)]
  0x000001c8451ee8e0 JavaThread "Unconstrained build operations Thread 43"        [_thread_blocked, id=25800, stack(0x0000003139300000,0x0000003139400000) (1024K)]
  0x000001c8451efc90 JavaThread "Unconstrained build operations Thread 44"        [_thread_blocked, id=18692, stack(0x0000003139400000,0x0000003139500000) (1024K)]
  0x000001c8451f0320 JavaThread "Unconstrained build operations Thread 45"        [_thread_blocked, id=24160, stack(0x0000003139500000,0x0000003139600000) (1024K)]
  0x000001c8451eef70 JavaThread "Memory manager"                    [_thread_blocked, id=28796, stack(0x0000003139600000,0x0000003139700000) (1024K)]
  0x000001c8451ef600 JavaThread "jar transforms Thread 4"           [_thread_blocked, id=24060, stack(0x0000003139700000,0x0000003139800000) (1024K)]
  0x000001c84391c410 JavaThread "HttpClient-1-SelectorManager" daemon [_thread_in_native, id=23980, stack(0x0000003139800000,0x0000003139900000) (1024K)]
  0x000001c84391caa0 JavaThread "Unconstrained build operations Thread 46"        [_thread_blocked, id=16172, stack(0x0000003139900000,0x0000003139a00000) (1024K)]
  0x000001c84391de50 JavaThread "Unconstrained build operations Thread 47"        [_thread_blocked, id=32324, stack(0x0000003139a00000,0x0000003139b00000) (1024K)]
  0x000001c84391d7c0 JavaThread "Unconstrained build operations Thread 48"        [_thread_blocked, id=29752, stack(0x0000003139b00000,0x0000003139c00000) (1024K)]
  0x000001c84391b6f0 JavaThread "Unconstrained build operations Thread 49"        [_thread_blocked, id=17552, stack(0x0000003139c00000,0x0000003139d00000) (1024K)]
  0x000001c84391bd80 JavaThread "Unconstrained build operations Thread 50"        [_thread_blocked, id=2788, stack(0x0000003139d00000,0x0000003139e00000) (1024K)]
  0x000001c84391d130 JavaThread "Unconstrained build operations Thread 51"        [_thread_blocked, id=16116, stack(0x0000003139e00000,0x0000003139f00000) (1024K)]
  0x000001c84391e4e0 JavaThread "Unconstrained build operations Thread 52"        [_thread_blocked, id=33308, stack(0x0000003139f00000,0x000000313a000000) (1024K)]
  0x000001c84391b060 JavaThread "Unconstrained build operations Thread 53"        [_thread_blocked, id=8000, stack(0x000000313a000000,0x000000313a100000) (1024K)]
  0x000001c843921960 JavaThread "Unconstrained build operations Thread 54"        [_thread_blocked, id=2976, stack(0x000000313a100000,0x000000313a200000) (1024K)]
  0x000001c8439205b0 JavaThread "Unconstrained build operations Thread 55"        [_thread_blocked, id=32668, stack(0x000000313a200000,0x000000313a300000) (1024K)]
  0x000001c84391ff20 JavaThread "Unconstrained build operations Thread 56"        [_thread_blocked, id=23824, stack(0x000000313a300000,0x000000313a400000) (1024K)]
  0x000001c84391f890 JavaThread "Unconstrained build operations Thread 57"        [_thread_blocked, id=24280, stack(0x000000313a400000,0x000000313a500000) (1024K)]
  0x000001c843920c40 JavaThread "Unconstrained build operations Thread 58"        [_thread_blocked, id=25220, stack(0x000000313a500000,0x000000313a600000) (1024K)]
  0x000001c8439212d0 JavaThread "Unconstrained build operations Thread 59"        [_thread_blocked, id=30168, stack(0x000000313a600000,0x000000313a700000) (1024K)]
  0x000001c84391eb70 JavaThread "Unconstrained build operations Thread 60"        [_thread_blocked, id=5636, stack(0x000000313a700000,0x000000313a800000) (1024K)]
  0x000001c843922680 JavaThread "Unconstrained build operations Thread 61"        [_thread_blocked, id=35412, stack(0x000000313a800000,0x000000313a900000) (1024K)]
  0x000001c843921ff0 JavaThread "ForkJoinPool-1-worker-1"    daemon [_thread_blocked, id=3548, stack(0x000000313a900000,0x000000313aa00000) (1024K)]
  0x000001c84391f200 JavaThread "ForkJoinPool-1-worker-2"    daemon [_thread_blocked, id=32800, stack(0x000000313aa00000,0x000000313ab00000) (1024K)]
  0x000001c83f87c630 JavaThread "ForkJoinPool-1-worker-3"    daemon [_thread_blocked, id=16436, stack(0x000000313ab00000,0x000000313ac00000) (1024K)]
  0x000001c83f87ccc0 JavaThread "ForkJoinPool-1-worker-4"    daemon [_thread_blocked, id=27052, stack(0x000000313ac00000,0x000000313ad00000) (1024K)]
  0x000001c83f879840 JavaThread "ForkJoinPool-1-worker-5"    daemon [_thread_blocked, id=24188, stack(0x000000313ad00000,0x000000313ae00000) (1024K)]
  0x000001c83f87abf0 JavaThread "ForkJoinPool-1-worker-6"    daemon [_thread_blocked, id=32412, stack(0x000000313ae00000,0x000000313af00000) (1024K)]
  0x000001c83f87a560 JavaThread "ForkJoinPool-1-worker-7"    daemon [_thread_blocked, id=35792, stack(0x000000313af00000,0x000000313b000000) (1024K)]
  0x000001c83f87d350 JavaThread "ForkJoinPool-1-worker-8"    daemon [_thread_blocked, id=2136, stack(0x000000313b000000,0x000000313b100000) (1024K)]
  0x000001c83f87b280 JavaThread "ForkJoinPool-1-worker-9"    daemon [_thread_blocked, id=12120, stack(0x000000313b100000,0x000000313b200000) (1024K)]
  0x000001c83f87b910 JavaThread "ForkJoinPool-1-worker-10"   daemon [_thread_blocked, id=35040, stack(0x000000313b200000,0x000000313b300000) (1024K)]
  0x000001c83f87bfa0 JavaThread "ForkJoinPool-1-worker-11"   daemon [_thread_blocked, id=34360, stack(0x000000313b300000,0x000000313b400000) (1024K)]
  0x000001c83f879ed0 JavaThread "ForkJoinPool-1-worker-12"   daemon [_thread_blocked, id=29532, stack(0x000000313b400000,0x000000313b500000) (1024K)]
  0x000001c83f87e070 JavaThread "ForkJoinPool-1-worker-14"   daemon [_thread_blocked, id=8924, stack(0x000000313b500000,0x000000313b600000) (1024K)]
  0x000001c83f880140 JavaThread "ForkJoinPool-1-worker-13"   daemon [_thread_blocked, id=25636, stack(0x000000313b600000,0x000000313b700000) (1024K)]
  0x000001c83f87e700 JavaThread "ForkJoinPool-1-worker-15"   daemon [_thread_blocked, id=15256, stack(0x000000313b700000,0x000000313b800000) (1024K)]
  0x000001c83f87ed90 JavaThread "ForkJoinPool-1-worker-16"   daemon [_thread_blocked, id=32548, stack(0x000000313b800000,0x000000313b900000) (1024K)]
  0x000001c83f87f420 JavaThread "ForkJoinPool-1-worker-17"   daemon [_thread_blocked, id=17668, stack(0x000000313b900000,0x000000313ba00000) (1024K)]
  0x000001c83f87fab0 JavaThread "ForkJoinPool-1-worker-18"   daemon [_thread_blocked, id=2616, stack(0x000000313ba00000,0x000000313bb00000) (1024K)]
  0x000001c83f8807d0 JavaThread "ForkJoinPool-1-worker-19"   daemon [_thread_blocked, id=25204, stack(0x000000313bb00000,0x000000313bc00000) (1024K)]
  0x000001c83f87d9e0 JavaThread "ForkJoinPool-1-worker-20"   daemon [_thread_blocked, id=25604, stack(0x000000313bc00000,0x000000313bd00000) (1024K)]
  0x000001c83f880e60 JavaThread "ForkJoinPool-1-worker-21"   daemon [_thread_blocked, id=1568, stack(0x000000313bd00000,0x000000313be00000) (1024K)]
  0x000001c841e41cf0 JavaThread "ForkJoinPool-1-worker-22"   daemon [_thread_blocked, id=32808, stack(0x000000313be00000,0x000000313bf00000) (1024K)]
  0x000001c841e42a10 JavaThread "ForkJoinPool-1-worker-23"   daemon [_thread_blocked, id=32832, stack(0x000000313bf00000,0x000000313c000000) (1024K)]
  0x000001c841e42380 JavaThread "ForkJoinPool-1-worker-26"   daemon [_thread_blocked, id=17204, stack(0x0000003134c00000,0x0000003134d00000) (1024K)]
  0x000001c841e430a0 JavaThread "ForkJoinPool-1-worker-24"   daemon [_thread_blocked, id=16560, stack(0x000000313c000000,0x000000313c100000) (1024K)]
  0x000001c841e43730 JavaThread "ForkJoinPool-1-worker-25"   daemon [_thread_blocked, id=16372, stack(0x000000313c100000,0x000000313c200000) (1024K)]
  0x000001c841e44450 JavaThread "ForkJoinPool-1-worker-27"   daemon [_thread_blocked, id=24804, stack(0x000000313c200000,0x000000313c300000) (1024K)]
  0x000001c841e40fd0 JavaThread "ForkJoinPool-1-worker-28"   daemon [_thread_blocked, id=29564, stack(0x000000313c300000,0x000000313c400000) (1024K)]
  0x000001c841e44ae0 JavaThread "ForkJoinPool-1-worker-29"   daemon [_thread_blocked, id=28276, stack(0x000000313c400000,0x000000313c500000) (1024K)]
  0x000001c841e41660 JavaThread "ForkJoinPool-1-worker-30"   daemon [_thread_blocked, id=12776, stack(0x000000313c500000,0x000000313c600000) (1024K)]
  0x000001c841e45e90 JavaThread "ForkJoinPool.commonPool-worker-1" daemon [_thread_blocked, id=21824, stack(0x000000313c600000,0x000000313c700000) (1024K)]
  0x000001c841e47240 JavaThread "ForkJoinPool.commonPool-worker-2" daemon [_thread_blocked, id=28196, stack(0x000000313c700000,0x000000313c800000) (1024K)]
  0x000001c841e45170 JavaThread "ForkJoinPool.commonPool-worker-3" daemon [_thread_blocked, id=26000, stack(0x000000313c800000,0x000000313c900000) (1024K)]
  0x000001c841e45800 JavaThread "ForkJoinPool.commonPool-worker-4" daemon [_thread_blocked, id=15460, stack(0x000000313c900000,0x000000313ca00000) (1024K)]
  0x000001c841e46520 JavaThread "ForkJoinPool.commonPool-worker-6" daemon [_thread_blocked, id=18040, stack(0x000000313ca00000,0x000000313cb00000) (1024K)]
  0x000001c841e478d0 JavaThread "ForkJoinPool.commonPool-worker-5" daemon [_thread_blocked, id=32064, stack(0x000000313cb00000,0x000000313cc00000) (1024K)]
  0x000001c841e46bb0 JavaThread "ForkJoinPool.commonPool-worker-7" daemon [_thread_blocked, id=20200, stack(0x000000313cc00000,0x000000313cd00000) (1024K)]
  0x000001c841e485f0 JavaThread "ForkJoinPool.commonPool-worker-8" daemon [_thread_blocked, id=24152, stack(0x000000313cd00000,0x000000313ce00000) (1024K)]
  0x000001c841e47f60 JavaThread "ForkJoinPool.commonPool-worker-9" daemon [_thread_blocked, id=34324, stack(0x000000313ce00000,0x000000313cf00000) (1024K)]
  0x000001c841513470 JavaThread "ForkJoinPool.commonPool-worker-10" daemon [_thread_blocked, id=35128, stack(0x000000313cf00000,0x000000313d000000) (1024K)]
  0x000001c841512de0 JavaThread "ForkJoinPool.commonPool-worker-11" daemon [_thread_blocked, id=18192, stack(0x000000313d000000,0x000000313d100000) (1024K)]
  0x000001c841514820 JavaThread "Exec process"               daemon [_thread_blocked, id=18020, stack(0x000000313d100000,0x000000313d200000) (1024K)]
  0x000001c841513b00 JavaThread "Exec process Thread 2"      daemon [_thread_blocked, id=26464, stack(0x000000313d200000,0x000000313d300000) (1024K)]
  0x000001c841514eb0 JavaThread "Exec process Thread 3"      daemon [_thread_blocked, id=460, stack(0x000000313d300000,0x000000313d400000) (1024K)]
  0x000001c841511a30 JavaThread "included builds"                   [_thread_in_Java, id=4248, stack(0x0000003133b00000,0x0000003133c00000) (1024K)]
  0x000001c841515540 JavaThread "Execution worker"                  [_thread_blocked, id=26780, stack(0x0000003133c00000,0x0000003133d00000) (1024K)]
  0x000001c841512750 JavaThread "Execution worker Thread 2"         [_thread_blocked, id=16184, stack(0x0000003133e00000,0x0000003133f00000) (1024K)]
  0x000001c8415120c0 JavaThread "Execution worker Thread 3"         [_thread_blocked, id=22696, stack(0x0000003134a00000,0x0000003134b00000) (1024K)]
  0x000001c841515bd0 JavaThread "Execution worker Thread 4"         [_thread_blocked, id=32864, stack(0x0000003134b00000,0x0000003134c00000) (1024K)]
  0x000001c841516260 JavaThread "Execution worker Thread 5"         [_thread_blocked, id=11384, stack(0x0000003134e00000,0x0000003134f00000) (1024K)]
  0x000001c8415168f0 JavaThread "Execution worker Thread 6"         [_thread_blocked, id=26212, stack(0x000000313d400000,0x000000313d500000) (1024K)]
  0x000001c841516f80 JavaThread "Execution worker Thread 7"         [_thread_blocked, id=22616, stack(0x000000313d500000,0x000000313d600000) (1024K)]
  0x000001c841514190 JavaThread "Execution worker Thread 8"         [_thread_blocked, id=33216, stack(0x000000313d600000,0x000000313d700000) (1024K)]
  0x000001c841517610 JavaThread "Execution worker Thread 9"         [_thread_blocked, id=9208, stack(0x000000313d700000,0x000000313d800000) (1024K)]
  0x000001c841517ca0 JavaThread "Execution worker Thread 10"        [_thread_blocked, id=4980, stack(0x000000313d800000,0x000000313d900000) (1024K)]
  0x000001c841518330 JavaThread "Execution worker Thread 11"        [_thread_blocked, id=32132, stack(0x000000313d900000,0x000000313da00000) (1024K)]
  0x000001c8415189c0 JavaThread "Execution worker Thread 12"        [_thread_blocked, id=5220, stack(0x000000313da00000,0x000000313db00000) (1024K)]
  0x000001c841519050 JavaThread "Execution worker Thread 13"        [_thread_blocked, id=7160, stack(0x000000313db00000,0x000000313dc00000) (1024K)]
  0x000001c841ddacf0 JavaThread "Execution worker Thread 14"        [_thread_blocked, id=34272, stack(0x000000313dc00000,0x000000313dd00000) (1024K)]
  0x000001c841ddc0a0 JavaThread "Execution worker Thread 15"        [_thread_blocked, id=35384, stack(0x000000313dd00000,0x000000313de00000) (1024K)]
  0x000001c841dddae0 JavaThread "Cache worker for execution history cache (C:\Users\samue\IdeaProjects\IQ\.gradle\9.2.1\executionHistory)"        [_thread_blocked, id=14400, stack(0x000000313de00000,0x000000313df00000) (1024K)]
  0x000001c8442eda90 JavaThread "C1 CompilerThread1"         daemon [_thread_blocked, id=33220, stack(0x000000313df00000,0x000000313e000000) (1024K)]
  0x000001c8442ef5d0 JavaThread "C1 CompilerThread2"         daemon [_thread_blocked, id=35764, stack(0x000000313e000000,0x000000313e100000) (1024K)]
  0x000001c8442eccf0 JavaThread "C1 CompilerThread3"         daemon [_thread_blocked, id=34920, stack(0x000000313e100000,0x000000313e200000) (1024K)]
  0x000001c8442f0a40 JavaThread "C2 CompilerThread1"         daemon [_thread_in_native, id=7608, stack(0x000000313e200000,0x000000313e300000) (1024K)]
  0x000001c841dde170 JavaThread "Unconstrained build operations Thread 62"        [_thread_blocked, id=34484, stack(0x000000313e300000,0x000000313e400000) (1024K)]
  0x000001c841dde800 JavaThread "Unconstrained build operations Thread 63"        [_thread_blocked, id=33400, stack(0x000000313e400000,0x000000313e500000) (1024K)]
  0x000001c841ddcdc0 JavaThread "Unconstrained build operations Thread 64"        [_thread_blocked, id=35184, stack(0x000000313e500000,0x000000313e600000) (1024K)]
  0x000001c841ddb380 JavaThread "Unconstrained build operations Thread 65"        [_thread_blocked, id=29944, stack(0x000000313e600000,0x000000313e700000) (1024K)]
  0x000001c841ddc730 JavaThread "Unconstrained build operations Thread 66"        [_thread_blocked, id=13880, stack(0x000000313e700000,0x000000313e800000) (1024K)]
  0x000001c841ddd450 JavaThread "Unconstrained build operations Thread 67"        [_thread_blocked, id=31764, stack(0x000000313e800000,0x000000313e900000) (1024K)]
  0x000001c841ddee90 JavaThread "Unconstrained build operations Thread 68"        [_thread_blocked, id=17544, stack(0x000000313e900000,0x000000313ea00000) (1024K)]
  0x000001c841ddba10 JavaThread "Unconstrained build operations Thread 69"        [_thread_blocked, id=2316, stack(0x000000313ea00000,0x000000313eb00000) (1024K)]
  0x000001c841de0240 JavaThread "Unconstrained build operations Thread 70"        [_thread_blocked, id=34824, stack(0x000000313eb00000,0x000000313ec00000) (1024K)]
  0x000001c841ddfbb0 JavaThread "Unconstrained build operations Thread 71"        [_thread_blocked, id=33640, stack(0x000000313ec00000,0x000000313ed00000) (1024K)]
  0x000001c841de08d0 JavaThread "Unconstrained build operations Thread 72"        [_thread_blocked, id=25464, stack(0x000000313ed00000,0x000000313ee00000) (1024K)]
  0x000001c841de0f60 JavaThread "Unconstrained build operations Thread 73"        [_thread_blocked, id=32932, stack(0x000000313ee00000,0x000000313ef00000) (1024K)]
  0x000001c841ddf520 JavaThread "Unconstrained build operations Thread 74"        [_thread_blocked, id=17660, stack(0x000000313ef00000,0x000000313f000000) (1024K)]
  0x000001c841de15f0 JavaThread "Unconstrained build operations Thread 75"        [_thread_blocked, id=28916, stack(0x000000313f000000,0x000000313f100000) (1024K)]
  0x000001c841de1c80 JavaThread "Unconstrained build operations Thread 76"        [_thread_blocked, id=23416, stack(0x000000313f100000,0x000000313f200000) (1024K)]
  0x000001c8442f0370 JavaThread "C2 CompilerThread2"         daemon [_thread_in_native, id=24236, stack(0x000000313f200000,0x000000313f300000) (1024K)]
  0x000001c8442ed3c0 JavaThread "C2 CompilerThread3"         daemon [_thread_in_native, id=35584, stack(0x000000313f300000,0x000000313f400000) (1024K)]
  0x000001c8442f17e0 JavaThread "C2 CompilerThread4"         daemon [_thread_in_native, id=29688, stack(0x000000313f400000,0x000000313f500000) (1024K)]
  0x000001c8442f1110 JavaThread "C2 CompilerThread5"         daemon [_thread_in_native, id=35688, stack(0x000000313f500000,0x000000313f600000) (1024K)]
=>0x000001c8442ee160 JavaThread "C2 CompilerThread6"         daemon [_thread_in_native, id=28232, stack(0x000000313f600000,0x000000313f700000) (1024K)]
  0x000001c8442f2580 JavaThread "C2 CompilerThread7"         daemon [_thread_in_native, id=31100, stack(0x000000313f700000,0x000000313f800000) (1024K)]
  0x000001c841de2310 JavaThread "Unconstrained build operations Thread 77"        [_thread_blocked, id=34936, stack(0x000000313f800000,0x000000313f900000) (1024K)]
  0x000001c846c8b830 JavaThread "Unconstrained build operations Thread 78"        [_thread_blocked, id=33540, stack(0x000000313f900000,0x000000313fa00000) (1024K)]
  0x000001c846c8a480 JavaThread "Unconstrained build operations Thread 79"        [_thread_blocked, id=33972, stack(0x000000313fa00000,0x000000313fb00000) (1024K)]
  0x000001c846c89df0 JavaThread "Unconstrained build operations Thread 80"        [_thread_blocked, id=27352, stack(0x000000313fb00000,0x000000313fc00000) (1024K)]
  0x000001c846c8ab10 JavaThread "Unconstrained build operations Thread 81"        [_thread_blocked, id=20512, stack(0x000000313fc00000,0x000000313fd00000) (1024K)]
  0x000001c846c8b1a0 JavaThread "Unconstrained build operations Thread 82"        [_thread_blocked, id=8512, stack(0x000000313fd00000,0x000000313fe00000) (1024K)]
  0x000001c846c8bec0 JavaThread "Unconstrained build operations Thread 83"        [_thread_blocked, id=32000, stack(0x000000313fe00000,0x000000313ff00000) (1024K)]
  0x000001c846c890d0 JavaThread "Unconstrained build operations Thread 84"        [_thread_blocked, id=34220, stack(0x000000313ff00000,0x0000003140000000) (1024K)]
  0x000001c846c88a40 JavaThread "Unconstrained build operations Thread 85"        [_thread_blocked, id=15576, stack(0x0000003140000000,0x0000003140100000) (1024K)]
  0x000001c846c8c550 JavaThread "Unconstrained build operations Thread 86"        [_thread_blocked, id=35100, stack(0x0000003140100000,0x0000003140200000) (1024K)]
  0x000001c846c8cbe0 JavaThread "Unconstrained build operations Thread 87"        [_thread_blocked, id=24156, stack(0x0000003140200000,0x0000003140300000) (1024K)]
  0x000001c846c89760 JavaThread "Unconstrained build operations Thread 88"        [_thread_blocked, id=32956, stack(0x0000003140300000,0x0000003140400000) (1024K)]
  0x000001c846c8e620 JavaThread "Unconstrained build operations Thread 89"        [_thread_blocked, id=35672, stack(0x0000003140400000,0x0000003140500000) (1024K)]
  0x000001c846c8ecb0 JavaThread "Unconstrained build operations Thread 90"        [_thread_blocked, id=1376, stack(0x0000003140500000,0x0000003140600000) (1024K)]
  0x000001c846c8f340 JavaThread "Unconstrained build operations Thread 91"        [_thread_blocked, id=34692, stack(0x0000003140600000,0x0000003140700000) (1024K)]
  0x000001c846c8f9d0 JavaThread "Unconstrained build operations Thread 92"        [_thread_blocked, id=24124, stack(0x0000003140700000,0x0000003140800000) (1024K)]
  0x000001c846c906f0 JavaThread "Unconstrained build operations Thread 93"        [_thread_blocked, id=30088, stack(0x0000003140800000,0x0000003140900000) (1024K)]
  0x000001c846c90d80 JavaThread "Unconstrained build operations Thread 94"        [_thread_blocked, id=30352, stack(0x0000003140900000,0x0000003140a00000) (1024K)]
  0x000001c846c90060 JavaThread "Unconstrained build operations Thread 95"        [_thread_blocked, id=24844, stack(0x0000003140a00000,0x0000003140b00000) (1024K)]
  0x000001c846c8d270 JavaThread "Unconstrained build operations Thread 96"        [_thread_blocked, id=31176, stack(0x0000003140b00000,0x0000003140c00000) (1024K)]
  0x000001c846c8d900 JavaThread "Unconstrained build operations Thread 97"        [_thread_blocked, id=31792, stack(0x0000003140c00000,0x0000003140d00000) (1024K)]
  0x000001c846c91410 JavaThread "Unconstrained build operations Thread 98"        [_thread_blocked, id=34940, stack(0x0000003140d00000,0x0000003140e00000) (1024K)]
  0x000001c846c8df90 JavaThread "Unconstrained build operations Thread 99"        [_thread_blocked, id=9388, stack(0x0000003140e00000,0x0000003140f00000) (1024K)]
  0x000001c846c93b70 JavaThread "Unconstrained build operations Thread 100"        [_thread_blocked, id=9596, stack(0x0000003140f00000,0x0000003141000000) (1024K)]
  0x000001c846c94890 JavaThread "Unconstrained build operations Thread 101"        [_thread_blocked, id=13204, stack(0x0000003141000000,0x0000003141100000) (1024K)]
  0x000001c846c934e0 JavaThread "Unconstrained build operations Thread 102"        [_thread_blocked, id=33120, stack(0x0000003141100000,0x0000003141200000) (1024K)]
  0x000001c846c94200 JavaThread "Unconstrained build operations Thread 103"        [_thread_blocked, id=24548, stack(0x0000003141200000,0x0000003141300000) (1024K)]
  0x000001c846c92130 JavaThread "Unconstrained build operations Thread 104"        [_thread_blocked, id=29864, stack(0x0000003141300000,0x0000003141400000) (1024K)]
  0x000001c846c94f20 JavaThread "Unconstrained build operations Thread 105"        [_thread_blocked, id=26936, stack(0x0000003141400000,0x0000003141500000) (1024K)]
  0x000001c846c91aa0 JavaThread "Unconstrained build operations Thread 106"        [_thread_blocked, id=34060, stack(0x0000003141500000,0x0000003141600000) (1024K)]
  0x000001c846c92e50 JavaThread "Unconstrained build operations Thread 107"        [_thread_blocked, id=17644, stack(0x0000003141600000,0x0000003141700000) (1024K)]
  0x000001c846c95c40 JavaThread "Unconstrained build operations Thread 108"        [_thread_blocked, id=25588, stack(0x0000003141700000,0x0000003141800000) (1024K)]
  0x000001c846c927c0 JavaThread "Unconstrained build operations Thread 109"        [_thread_blocked, id=28328, stack(0x0000003141800000,0x0000003141900000) (1024K)]
  0x000001c846c97d10 JavaThread "Unconstrained build operations Thread 110"        [_thread_blocked, id=13120, stack(0x0000003141900000,0x0000003141a00000) (1024K)]
  0x000001c846c96ff0 JavaThread "Unconstrained build operations Thread 111"        [_thread_blocked, id=24080, stack(0x0000003141a00000,0x0000003141b00000) (1024K)]
  0x000001c846c962d0 JavaThread "Unconstrained build operations Thread 112"        [_thread_blocked, id=33292, stack(0x0000003141b00000,0x0000003141c00000) (1024K)]
  0x000001c846c97680 JavaThread "Unconstrained build operations Thread 113"        [_thread_blocked, id=34216, stack(0x0000003141c00000,0x0000003141d00000) (1024K)]
  0x000001c846c96960 JavaThread "Unconstrained build operations Thread 114"        [_thread_blocked, id=23596, stack(0x0000003141d00000,0x0000003141e00000) (1024K)]
  0x000001c846134aa0 JavaThread "Unconstrained build operations Thread 115"        [_thread_blocked, id=26664, stack(0x0000003141e00000,0x0000003141f00000) (1024K)]
  0x000001c846133060 JavaThread "Unconstrained build operations Thread 116"        [_thread_blocked, id=32928, stack(0x0000003141f00000,0x0000003142000000) (1024K)]
  0x000001c846133d80 JavaThread "Unconstrained build operations Thread 117"        [_thread_blocked, id=28996, stack(0x0000003142000000,0x0000003142100000) (1024K)]
  0x000001c846135e50 JavaThread "Unconstrained build operations Thread 118"        [_thread_blocked, id=8124, stack(0x0000003142100000,0x0000003142200000) (1024K)]
  0x000001c8461329d0 JavaThread "Unconstrained build operations Thread 119"        [_thread_blocked, id=32852, stack(0x0000003142200000,0x0000003142300000) (1024K)]
  0x000001c8461336f0 JavaThread "Unconstrained build operations Thread 120"        [_thread_blocked, id=21984, stack(0x0000003142300000,0x0000003142400000) (1024K)]
  0x000001c846135130 JavaThread "Unconstrained build operations Thread 121"        [_thread_blocked, id=11152, stack(0x0000003142400000,0x0000003142500000) (1024K)]
Total: 230

Other Threads:
  0x000001c7d6d22cd0 VMThread "VM Thread"                           [id=30240, stack(0x0000003133100000,0x0000003133200000) (1024K)]
  0x000001c7d6d10600 WatcherThread "VM Periodic Task Thread"        [id=25640, stack(0x0000003133000000,0x0000003133100000) (1024K)]
  0x000001c7bec5a960 WorkerThread "GC Thread#0"                     [id=28084, stack(0x0000003132b00000,0x0000003132c00000) (1024K)]
  0x000001c83a42f080 WorkerThread "GC Thread#1"                     [id=35036, stack(0x0000003133f00000,0x0000003134000000) (1024K)]
  0x000001c83a42f420 WorkerThread "GC Thread#2"                     [id=31648, stack(0x0000003134000000,0x0000003134100000) (1024K)]
  0x000001c83a42f7c0 WorkerThread "GC Thread#3"                     [id=14424, stack(0x0000003134100000,0x0000003134200000) (1024K)]
  0x000001c83a3fe290 WorkerThread "GC Thread#4"                     [id=23912, stack(0x0000003134200000,0x0000003134300000) (1024K)]
  0x000001c83a3fe630 WorkerThread "GC Thread#5"                     [id=33020, stack(0x0000003134300000,0x0000003134400000) (1024K)]
  0x000001c83a3fe9d0 WorkerThread "GC Thread#6"                     [id=16652, stack(0x0000003134400000,0x0000003134500000) (1024K)]
  0x000001c83a49b900 WorkerThread "GC Thread#7"                     [id=28724, stack(0x0000003134500000,0x0000003134600000) (1024K)]
  0x000001c83a49dcb0 WorkerThread "GC Thread#8"                     [id=32504, stack(0x0000003134600000,0x0000003134700000) (1024K)]
  0x000001c83a4ae060 WorkerThread "GC Thread#9"                     [id=9800, stack(0x0000003134700000,0x0000003134800000) (1024K)]
  0x000001c83a4ae400 WorkerThread "GC Thread#10"                    [id=14860, stack(0x0000003134800000,0x0000003134900000) (1024K)]
  0x000001c83a4afe90 WorkerThread "GC Thread#11"                    [id=5720, stack(0x0000003134900000,0x0000003134a00000) (1024K)]
  0x000001c83a4b0970 WorkerThread "GC Thread#12"                    [id=31784, stack(0x0000003135b00000,0x0000003135c00000) (1024K)]
  0x000001c7bec69060 ConcurrentGCThread "G1 Main Marker"            [id=35452, stack(0x0000003132c00000,0x0000003132d00000) (1024K)]
  0x000001c7bec6b7a0 WorkerThread "G1 Conc#0"                       [id=35528, stack(0x0000003132d00000,0x0000003132e00000) (1024K)]
  0x000001c83a4af750 WorkerThread "G1 Conc#1"                       [id=34848, stack(0x0000003135c00000,0x0000003135d00000) (1024K)]
  0x000001c843ce7600 WorkerThread "G1 Conc#2"                       [id=34256, stack(0x0000003135d00000,0x0000003135e00000) (1024K)]
  0x000001c7d6c67ea0 ConcurrentGCThread "G1 Refine#0"               [id=30436, stack(0x0000003132e00000,0x0000003132f00000) (1024K)]
  0x000001c7d6c686c0 ConcurrentGCThread "G1 Service"                [id=15156, stack(0x0000003132f00000,0x0000003133000000) (1024K)]
Total: 21

Threads with active compile tasks:
C2 CompilerThread0  8517 11762       4       org.apache.commons.io.FilenameUtils::doNormalize (530 bytes)
C2 CompilerThread1  8517 11555       4       org.gradle.api.internal.artifacts.repositories.PatternHelper::substituteTokens (684 bytes)
C2 CompilerThread2  8517 11591       4       com.sun.org.apache.xerces.internal.dom.ParentNode::setReadOnly (53 bytes)
C2 CompilerThread3  8517 11566       4       com.sun.org.apache.xerces.internal.utils.XMLLimitAnalyzer::addValue (260 bytes)
C2 CompilerThread4  8517 11569       4       com.sun.org.apache.xerces.internal.impl.XMLEntityScanner::scanName (329 bytes)
C2 CompilerThread5  8517 11581       4       com.sun.org.apache.xerces.internal.impl.XMLScanner::checkEntityLimit (320 bytes)
C2 CompilerThread6  8517 11320       4       org.gradle.cache.internal.btree.CachingBlockStore::read (56 bytes)
C2 CompilerThread7  8518 11676       4       com.sun.org.apache.xerces.internal.dom.ParentNode::item (6 bytes)
Total: 8

VM state: not at safepoint (normal execution)

VM Mutex/Monitor currently owned by a thread: None

Heap address: 0x00000001c0000000, size: 25600 MB, Compressed Oops mode: Zero based, Oop shift amount: 3

CDS archive(s) mapped at: [0x000001c7f9000000-0x000001c7f9c80000-0x000001c7f9c80000), size 13107200, SharedBaseAddress: 0x000001c7f9000000, ArchiveRelocationMode: 1.
Compressed class space mapped at: 0x000001c7fa000000-0x000001c83a000000, reserved size: 1073741824
Narrow klass base: 0x000001c7f9000000, Narrow klass shift: 0, Narrow klass range: 0x100000000

GC Precious Log:
 CardTable entry size: 512
 Card Set container configuration: InlinePtr #cards 3 size 8 Array Of Cards #cards 128 size 272 Howl #buckets 8 coarsen threshold 29491 Howl Bitmap #cards 4096 size 528 coarsen threshold 3686 Card regions per heap region 1 cards per card region 32768
 CPUs: 16 total, 16 available
 Memory: 32694M
 Large Page Support: Disabled
 NUMA Support: Disabled
 Compressed Oops: Enabled (Zero based)
 Heap Region Size: 16M
 Heap Min Capacity: 16M
 Heap Initial Capacity: 512M
 Heap Max Capacity: 25G
 Pre-touch: Disabled
 Parallel Workers: 13
 Concurrent Workers: 3
 Concurrent Refinement Workers: 13
 Periodic GC: Disabled

Heap:
 garbage-first heap   total 163840K, used 93816K [0x00000001c0000000, 0x0000000800000000)
  region size 16384K, 4 young (65536K), 1 survivors (16384K)
 Metaspace       used 71546K, committed 73856K, reserved 1114112K
  class space    used 10194K, committed 11328K, reserved 1048576K

Heap Regions: E=young(eden), S=young(survivor), O=old, HS=humongous(starts), HC=humongous(continues), CS=collection set, F=free, TAMS=top-at-mark-start, PB=parsable bottom
|   0|0x00000001c0000000, 0x00000001c1000000, 0x00000001c1000000|100%| O|  |TAMS 0x00000001c0000000| PB 0x00000001c0000000| Untracked 
|   1|0x00000001c1000000, 0x00000001c2000000, 0x00000001c2000000|100%| O|  |TAMS 0x00000001c1000000| PB 0x00000001c1000000| Untracked 
|   2|0x00000001c2000000, 0x00000001c2e166d8, 0x00000001c3000000| 88%| O|  |TAMS 0x00000001c2000000| PB 0x00000001c2000000| Untracked 
|   3|0x00000001c3000000, 0x00000001c3000000, 0x00000001c4000000|  0%| F|  |TAMS 0x00000001c3000000| PB 0x00000001c3000000| Untracked 
|   4|0x00000001c4000000, 0x00000001c4000000, 0x00000001c5000000|  0%| F|  |TAMS 0x00000001c4000000| PB 0x00000001c4000000| Untracked 
|   5|0x00000001c5000000, 0x00000001c5d87b98, 0x00000001c6000000| 84%| S|CS|TAMS 0x00000001c5000000| PB 0x00000001c5000000| Complete 
|   6|0x00000001c6000000, 0x00000001c6000000, 0x00000001c7000000|  0%| F|  |TAMS 0x00000001c6000000| PB 0x00000001c6000000| Untracked 
|   7|0x00000001c7000000, 0x00000001c7ea76c8, 0x00000001c8000000| 91%| E|  |TAMS 0x00000001c7000000| PB 0x00000001c7000000| Complete 
|  29|0x00000001dd000000, 0x00000001de000000, 0x00000001de000000|100%| E|CS|TAMS 0x00000001dd000000| PB 0x00000001dd000000| Complete 
|  31|0x00000001df000000, 0x00000001e0000000, 0x00000001e0000000|100%| E|CS|TAMS 0x00000001df000000| PB 0x00000001df000000| Complete 

Card table byte_map: [0x000001c7d9f30000,0x000001c7dd130000] _byte_map_base: 0x000001c7d9130000

Marking Bits: (CMBitMap*) 0x000001c7bec5bf80
 Bits: [0x000001c7dd130000, 0x000001c7f6130000)

Polling page: 0x000001c7bc970000

Metaspace:

Usage:
  Non-class:     59.91 MB used.
      Class:      9.96 MB used.
       Both:     69.87 MB used.

Virtual space:
  Non-class space:       64.00 MB reserved,      61.06 MB ( 95%) committed,  1 nodes.
      Class space:        1.00 GB reserved,      11.06 MB (  1%) committed,  1 nodes.
             Both:        1.06 GB reserved,      72.12 MB (  7%) committed. 

Chunk freelists:
   Non-Class:  2.61 MB
       Class:  4.83 MB
        Both:  7.44 MB

MaxMetaspaceSize: unlimited
CompressedClassSpaceSize: 1.00 GB
Initial GC threshold: 21.00 MB
Current GC threshold: 100.75 MB
CDS: on
 - commit_granule_bytes: 65536.
 - commit_granule_words: 8192.
 - virtual_space_node_default_size: 8388608.
 - enlarge_chunks_in_place: 1.
 - use_allocation_guard: 0.


Internal statistics:

num_allocs_failed_limit: 15.
num_arena_births: 4118.
num_arena_deaths: 0.
num_vsnodes_births: 2.
num_vsnodes_deaths: 0.
num_space_committed: 1154.
num_space_uncommitted: 0.
num_chunks_returned_to_freelist: 15.
num_chunks_taken_from_freelist: 7534.
num_chunk_merges: 6.
num_chunk_splits: 4776.
num_chunks_enlarged: 2765.
num_inconsistent_stats: 0.

CodeHeap 'non-profiled nmethods': size=119168Kb used=6726Kb max_used=6726Kb free=112441Kb
 bounds [0x000001c7cee50000, 0x000001c7cf4f0000, 0x000001c7d62b0000]
CodeHeap 'profiled nmethods': size=119104Kb used=21842Kb max_used=21842Kb free=97261Kb
 bounds [0x000001c7c72b0000, 0x000001c7c8810000, 0x000001c7ce700000]
CodeHeap 'non-nmethods': size=7488Kb used=3779Kb max_used=3843Kb free=3708Kb
 bounds [0x000001c7ce700000, 0x000001c7cead0000, 0x000001c7cee50000]
 total_blobs=11859 nmethods=11035 adapters=725
 compilation: enabled
              stopped_count=0, restarted_count=0
 full_count=0

Compilation events (20 events):
Event: 8.410 Thread 0x000001c8442f17e0 nmethod 11510 0x000001c7cf4ac910 code [0x000001c7cf4acb00, 0x000001c7cf4ad108]
Event: 8.411 Thread 0x000001c8442f17e0 11516       4       sun.security.provider.ByteArrayAccess::i2bLittle (33 bytes)
Event: 8.411 Thread 0x000001c8442f2580 nmethod 11511 0x000001c7cf4ad490 code [0x000001c7cf4ad680, 0x000001c7cf4adcd0]
Event: 8.411 Thread 0x000001c8442f2580 11517       4       org.gradle.api.internal.cache.StringInterner::intern (9 bytes)
Event: 8.412 Thread 0x000001c8442ed3c0 nmethod 11515 0x000001c7cf4ae210 code [0x000001c7cf4ae3c0, 0x000001c7cf4ae6d0]
Event: 8.413 Thread 0x000001c8442ef5d0 11518       3       org.gradle.internal.fingerprint.DirectorySensitivity::shouldFingerprint (11 bytes)
Event: 8.413 Thread 0x000001c8442ef5d0 nmethod 11518 0x000001c7c878bc90 code [0x000001c7c878be40, 0x000001c7c878c020]
Event: 8.414 Thread 0x000001c8442eda90 11519       3       org.gradle.internal.snapshot.DirectorySnapshot$$Lambda/0x000001c7fa5bb588::apply (8 bytes)
Event: 8.414 Thread 0x000001c8442eccf0 11520       3       org.gradle.internal.snapshot.DirectorySnapshot$$Lambda/0x000001c7fa5bb7b8::accept (16 bytes)
Event: 8.414 Thread 0x000001c83a0b0da0 11521       3       org.gradle.internal.snapshot.DirectorySnapshot::lambda$accept$5 (10 bytes)
Event: 8.414 Thread 0x000001c8442ef5d0 11522       3       org.gradle.internal.snapshot.RelativePathTracker::toRelativePath (163 bytes)
Event: 8.414 Thread 0x000001c8442eda90 nmethod 11519 0x000001c7c878c110 code [0x000001c7c878c2c0, 0x000001c7c878c4f8]
Event: 8.414 Thread 0x000001c83a0b0da0 nmethod 11521 0x000001c7c878c610 code [0x000001c7c878c7c0, 0x000001c7c878c988]
Event: 8.414 Thread 0x000001c8442eccf0 nmethod 11520 0x000001c7c878ca90 code [0x000001c7c878cc60, 0x000001c7c878cfb8]
Event: 8.414 Thread 0x000001c8442ef5d0 nmethod 11522 0x000001c7c878d110 code [0x000001c7c878d440, 0x000001c7c878e658]
Event: 8.415 Thread 0x000001c8442f17e0 nmethod 11516 0x000001c7cf4ae910 code [0x000001c7cf4aeaa0, 0x000001c7cf4aed10]
Event: 8.417 Thread 0x000001c8442f0a40 nmethod 11493 0x000001c7cf4aee90 code [0x000001c7cf4af040, 0x000001c7cf4afdb8]
Event: 8.420 Thread 0x000001c8442ed3c0 11523   !   4       java.nio.file.FileTreeWalker::visit (204 bytes)
Event: 8.421 Thread 0x000001c8442f0a40 11524       4       java.nio.HeapByteBuffer::putInt (31 bytes)
Event: 8.422 Thread 0x000001c8442f0a40 nmethod 11524 0x000001c7cf4b0090 code [0x000001c7cf4b0220, 0x000001c7cf4b0358]

GC Heap History (20 events):
Event: 2.083 GC heap before
{Heap before GC invocations=5 (full 0):
 garbage-first heap   total 524288K, used 21618K [0x00000001c0000000, 0x0000000800000000)
  region size 16384K, 2 young (32768K), 1 survivors (16384K)
 Metaspace       used 20899K, committed 21504K, reserved 1114112K
  class space    used 2798K, committed 3072K, reserved 1048576K
}
Event: 2.087 GC heap after
{Heap after GC invocations=6 (full 0):
 garbage-first heap   total 524288K, used 22713K [0x00000001c0000000, 0x0000000800000000)
  region size 16384K, 2 young (32768K), 2 survivors (32768K)
 Metaspace       used 20899K, committed 21504K, reserved 1114112K
  class space    used 2798K, committed 3072K, reserved 1048576K
}
Event: 3.018 GC heap before
{Heap before GC invocations=7 (full 0):
 garbage-first heap   total 163840K, used 104633K [0x00000001c0000000, 0x0000000800000000)
  region size 16384K, 9 young (147456K), 2 survivors (32768K)
 Metaspace       used 34800K, committed 36096K, reserved 1114112K
  class space    used 4835K, committed 5504K, reserved 1048576K
}
Event: 3.023 GC heap after
{Heap after GC invocations=8 (full 0):
 garbage-first heap   total 196608K, used 30150K [0x00000001c0000000, 0x0000000800000000)
  region size 16384K, 2 young (32768K), 2 survivors (32768K)
 Metaspace       used 34800K, committed 36096K, reserved 1114112K
  class space    used 4835K, committed 5504K, reserved 1048576K
}
Event: 3.048 GC heap before
{Heap before GC invocations=8 (full 0):
 garbage-first heap   total 196608K, used 30150K [0x00000001c0000000, 0x0000000800000000)
  region size 16384K, 3 young (49152K), 2 survivors (32768K)
 Metaspace       used 35179K, committed 36416K, reserved 1114112K
  class space    used 4886K, committed 5504K, reserved 1048576K
}
Event: 3.054 GC heap after
{Heap after GC invocations=9 (full 0):
 garbage-first heap   total 196608K, used 30298K [0x00000001c0000000, 0x0000000800000000)
  region size 16384K, 1 young (16384K), 1 survivors (16384K)
 Metaspace       used 35179K, committed 36416K, reserved 1114112K
  class space    used 4886K, committed 5504K, reserved 1048576K
}
Event: 3.069 GC heap before
{Heap before GC invocations=9 (full 0):
 garbage-first heap   total 196608K, used 30298K [0x00000001c0000000, 0x0000000800000000)
  region size 16384K, 2 young (32768K), 1 survivors (16384K)
 Metaspace       used 35416K, committed 36736K, reserved 1114112K
  class space    used 4922K, committed 5632K, reserved 1048576K
}
Event: 3.072 GC heap after
{Heap after GC invocations=10 (full 0):
 garbage-first heap   total 344064K, used 29409K [0x00000001c0000000, 0x0000000800000000)
  region size 16384K, 1 young (16384K), 1 survivors (16384K)
 Metaspace       used 35416K, committed 36736K, reserved 1114112K
  class space    used 4922K, committed 5632K, reserved 1048576K
}
Event: 3.886 GC heap before
{Heap before GC invocations=11 (full 0):
 garbage-first heap   total 163840K, used 111329K [0x00000001c0000000, 0x0000000800000000)
  region size 16384K, 6 young (98304K), 1 survivors (16384K)
 Metaspace       used 43655K, committed 45440K, reserved 1114112K
  class space    used 6295K, committed 7168K, reserved 1048576K
}
Event: 3.890 GC heap after
{Heap after GC invocations=12 (full 0):
 garbage-first heap   total 163840K, used 35283K [0x00000001c0000000, 0x0000000800000000)
  region size 16384K, 1 young (16384K), 1 survivors (16384K)
 Metaspace       used 43655K, committed 45440K, reserved 1114112K
  class space    used 6295K, committed 7168K, reserved 1048576K
}
Event: 4.500 GC heap before
{Heap before GC invocations=12 (full 0):
 garbage-first heap   total 163840K, used 117203K [0x00000001c0000000, 0x0000000800000000)
  region size 16384K, 6 young (98304K), 1 survivors (16384K)
 Metaspace       used 50122K, committed 52032K, reserved 1114112K
  class space    used 7245K, committed 8128K, reserved 1048576K
}
Event: 4.506 GC heap after
{Heap after GC invocations=13 (full 0):
 garbage-first heap   total 163840K, used 40775K [0x00000001c0000000, 0x0000000800000000)
  region size 16384K, 1 young (16384K), 1 survivors (16384K)
 Metaspace       used 50122K, committed 52032K, reserved 1114112K
  class space    used 7245K, committed 8128K, reserved 1048576K
}
Event: 5.274 GC heap before
{Heap before GC invocations=13 (full 0):
 garbage-first heap   total 163840K, used 122695K [0x00000001c0000000, 0x0000000800000000)
  region size 16384K, 6 young (98304K), 1 survivors (16384K)
 Metaspace       used 59067K, committed 61120K, reserved 1114112K
  class space    used 8580K, committed 9600K, reserved 1048576K
}
Event: 5.279 GC heap after
{Heap after GC invocations=14 (full 0):
 garbage-first heap   total 163840K, used 47186K [0x00000001c0000000, 0x0000000800000000)
  region size 16384K, 1 young (16384K), 1 survivors (16384K)
 Metaspace       used 59067K, committed 61120K, reserved 1114112K
  class space    used 8580K, committed 9600K, reserved 1048576K
}
Event: 5.298 GC heap before
{Heap before GC invocations=14 (full 0):
 garbage-first heap   total 163840K, used 47186K [0x00000001c0000000, 0x0000000800000000)
  region size 16384K, 2 young (32768K), 1 survivors (16384K)
 Metaspace       used 59497K, committed 61568K, reserved 1114112K
  class space    used 8638K, committed 9664K, reserved 1048576K
}
Event: 5.302 GC heap after
{Heap after GC invocations=15 (full 0):
 garbage-first heap   total 163840K, used 47833K [0x00000001c0000000, 0x0000000800000000)
  region size 16384K, 1 young (16384K), 1 survivors (16384K)
 Metaspace       used 59497K, committed 61568K, reserved 1114112K
  class space    used 8638K, committed 9664K, reserved 1048576K
}
Event: 6.029 GC heap before
{Heap before GC invocations=16 (full 0):
 garbage-first heap   total 163840K, used 129753K [0x00000001c0000000, 0x0000000800000000)
  region size 16384K, 6 young (98304K), 1 survivors (16384K)
 Metaspace       used 65801K, committed 68032K, reserved 1114112K
  class space    used 9379K, committed 10496K, reserved 1048576K
}
Event: 6.034 GC heap after
{Heap after GC invocations=17 (full 0):
 garbage-first heap   total 163840K, used 56238K [0x00000001c0000000, 0x0000000800000000)
  region size 16384K, 1 young (16384K), 1 survivors (16384K)
 Metaspace       used 65801K, committed 68032K, reserved 1114112K
  class space    used 9379K, committed 10496K, reserved 1048576K
}
Event: 8.023 GC heap before
{Heap before GC invocations=17 (full 0):
 garbage-first heap   total 163840K, used 121774K [0x00000001c0000000, 0x0000000800000000)
  region size 16384K, 5 young (81920K), 1 survivors (16384K)
 Metaspace       used 69812K, committed 72064K, reserved 1114112K
  class space    used 9971K, committed 11072K, reserved 1048576K
}
Event: 8.029 GC heap after
{Heap after GC invocations=18 (full 0):
 garbage-first heap   total 163840K, used 61048K [0x00000001c0000000, 0x0000000800000000)
  region size 16384K, 1 young (16384K), 1 survivors (16384K)
 Metaspace       used 69812K, committed 72064K, reserved 1114112K
  class space    used 9971K, committed 11072K, reserved 1048576K
}

Dll operation events (15 events):
Event: 0.009 Loaded shared library C:\Program Files\Eclipse Adoptium\jdk-21.0.6.7-hotspot\bin\java.dll
Event: 0.031 Loaded shared library C:\Program Files\Eclipse Adoptium\jdk-21.0.6.7-hotspot\bin\jsvml.dll
Event: 0.060 Loaded shared library C:\Program Files\Eclipse Adoptium\jdk-21.0.6.7-hotspot\bin\zip.dll
Event: 0.064 Loaded shared library C:\Program Files\Eclipse Adoptium\jdk-21.0.6.7-hotspot\bin\instrument.dll
Event: 0.067 Loaded shared library C:\Program Files\Eclipse Adoptium\jdk-21.0.6.7-hotspot\bin\net.dll
Event: 0.069 Loaded shared library C:\Program Files\Eclipse Adoptium\jdk-21.0.6.7-hotspot\bin\nio.dll
Event: 0.071 Loaded shared library C:\Program Files\Eclipse Adoptium\jdk-21.0.6.7-hotspot\bin\zip.dll
Event: 0.302 Loaded shared library C:\Program Files\Eclipse Adoptium\jdk-21.0.6.7-hotspot\bin\jimage.dll
Event: 0.453 Loaded shared library C:\Program Files\Eclipse Adoptium\jdk-21.0.6.7-hotspot\bin\verify.dll
Event: 0.472 Loaded shared library C:\Users\samue\.gradle\native\660c5614fbf4a5f2a75b1949f50a0caf5cd603558e7d8a26e50b933a0cfb79d1\windows-amd64\native-platform.dll
Event: 0.483 Loaded shared library C:\Users\samue\.gradle\native\0.2.8\x86_64-windows-gnu\gradle-fileevents.dll
Event: 1.170 Loaded shared library C:\Program Files\Eclipse Adoptium\jdk-21.0.6.7-hotspot\bin\management.dll
Event: 1.172 Loaded shared library C:\Program Files\Eclipse Adoptium\jdk-21.0.6.7-hotspot\bin\management_ext.dll
Event: 1.252 Loaded shared library C:\Program Files\Eclipse Adoptium\jdk-21.0.6.7-hotspot\bin\extnet.dll
Event: 1.398 Loaded shared library C:\Program Files\Eclipse Adoptium\jdk-21.0.6.7-hotspot\bin\sunmscapi.dll

Deoptimization events (20 events):
Event: 8.292 Thread 0x000001c841511a30 Uncommon trap: trap_request=0xffffff45 fr.pc=0x000001c7cf4909fc relative=0x000000000000071c
Event: 8.292 Thread 0x000001c841511a30 Uncommon trap: reason=unstable_if action=reinterpret pc=0x000001c7cf4909fc method=org.gradle.internal.snapshot.VfsRelativePath.lengthOfCommonPrefix(Ljava/lang/String;Lorg/gradle/internal/snapshot/CaseSensitivity;)I @ 107 c2
Event: 8.292 Thread 0x000001c841511a30 DEOPT PACKING pc=0x000001c7cf4909fc sp=0x0000003133bf9ba0
Event: 8.292 Thread 0x000001c841511a30 DEOPT UNPACKING pc=0x000001c7ce7546a2 sp=0x0000003133bf9b28 mode 2
Event: 8.334 Thread 0x000001c841511a30 DEOPT PACKING pc=0x000001c7c7cd3d4c sp=0x0000003133bfd0c0
Event: 8.334 Thread 0x000001c841511a30 DEOPT UNPACKING pc=0x000001c7ce754e42 sp=0x0000003133bfc538 mode 0
Event: 8.334 Thread 0x000001c841511a30 DEOPT PACKING pc=0x000001c7c7e65994 sp=0x0000003133bfd550
Event: 8.334 Thread 0x000001c841511a30 DEOPT UNPACKING pc=0x000001c7ce754e42 sp=0x0000003133bfca48 mode 0
Event: 8.383 Thread 0x000001c841511a30 Uncommon trap: trap_request=0xffffff6e fr.pc=0x000001c7cf4a83c4 relative=0x0000000000000464
Event: 8.383 Thread 0x000001c841511a30 Uncommon trap: reason=loop_limit_check action=maybe_recompile pc=0x000001c7cf4a83c4 method=org.gradle.api.internal.file.pattern.GreedyPathMatcher.matches([Ljava/lang/String;I)Z @ 34 c2
Event: 8.383 Thread 0x000001c841511a30 DEOPT PACKING pc=0x000001c7cf4a83c4 sp=0x0000003133bf9120
Event: 8.383 Thread 0x000001c841511a30 DEOPT UNPACKING pc=0x000001c7ce7546a2 sp=0x0000003133bf90c0 mode 2
Event: 8.383 Thread 0x000001c841511a30 Uncommon trap: trap_request=0xffffff6e fr.pc=0x000001c7cf4a8ed8 relative=0x00000000000004d8
Event: 8.383 Thread 0x000001c841511a30 Uncommon trap: reason=loop_limit_check action=maybe_recompile pc=0x000001c7cf4a8ed8 method=org.gradle.api.internal.file.pattern.GreedyPathMatcher.matches([Ljava/lang/String;I)Z @ 34 c2
Event: 8.384 Thread 0x000001c841511a30 DEOPT PACKING pc=0x000001c7cf4a8ed8 sp=0x0000003133bf9160
Event: 8.384 Thread 0x000001c841511a30 DEOPT UNPACKING pc=0x000001c7ce7546a2 sp=0x0000003133bf9090 mode 2
Event: 8.404 Thread 0x000001c841511a30 Uncommon trap: trap_request=0xffffff45 fr.pc=0x000001c7ceede4bc relative=0x000000000000009c
Event: 8.404 Thread 0x000001c841511a30 Uncommon trap: reason=unstable_if action=reinterpret pc=0x000001c7ceede4bc method=java.lang.CharacterDataLatin1.isWhitespace(I)Z @ 14 c2
Event: 8.404 Thread 0x000001c841511a30 DEOPT PACKING pc=0x000001c7ceede4bc sp=0x0000003133bf9da0
Event: 8.404 Thread 0x000001c841511a30 DEOPT UNPACKING pc=0x000001c7ce7546a2 sp=0x0000003133bf9d10 mode 2

Classes loaded (20 events):
Event: 8.076 Loading class com/sun/org/apache/xerces/internal/impl/dtd/XMLContentSpec
Event: 8.076 Loading class com/sun/org/apache/xerces/internal/impl/dtd/XMLContentSpec done
Event: 8.076 Loading class com/sun/org/apache/xerces/internal/impl/XMLDocumentScannerImpl$DTDDriver
Event: 8.076 Loading class com/sun/org/apache/xerces/internal/impl/XMLDocumentScannerImpl$DTDDriver done
Event: 8.077 Loading class com/sun/xml/internal/stream/StaxXMLInputSource
Event: 8.077 Loading class com/sun/xml/internal/stream/StaxXMLInputSource done
Event: 8.078 Loading class com/sun/xml/internal/stream/Entity$InternalEntity
Event: 8.078 Loading class com/sun/xml/internal/stream/Entity$InternalEntity done
Event: 8.086 Loading class com/sun/org/apache/xerces/internal/dom/DeferredElementImpl
Event: 8.087 Loading class com/sun/org/apache/xerces/internal/dom/DeferredElementImpl done
Event: 8.087 Loading class com/sun/org/apache/xerces/internal/dom/DeferredDocumentTypeImpl
Event: 8.087 Loading class com/sun/org/apache/xerces/internal/dom/DeferredDocumentTypeImpl done
Event: 8.088 Loading class com/sun/org/apache/xerces/internal/dom/DeferredEntityImpl
Event: 8.088 Loading class com/sun/org/apache/xerces/internal/dom/EntityImpl
Event: 8.088 Loading class org/w3c/dom/Entity
Event: 8.088 Loading class org/w3c/dom/Entity done
Event: 8.088 Loading class com/sun/org/apache/xerces/internal/dom/EntityImpl done
Event: 8.088 Loading class com/sun/org/apache/xerces/internal/dom/DeferredEntityImpl done
Event: 8.089 Loading class com/sun/org/apache/xerces/internal/dom/DeferredAttrImpl
Event: 8.090 Loading class com/sun/org/apache/xerces/internal/dom/DeferredAttrImpl done

Classes unloaded (0 events):
No events

Classes redefined (0 events):
No events

Internal exceptions (20 events):
Event: 6.959 Thread 0x000001c840254be0 Exception <a 'java/lang/ClassNotFoundException'{0x00000001c7a54220}: org/gradle/api/tasks/compile/CompileOptionsBeanInfo> (0x00000001c7a54220) 
thrown [s\src\hotspot\share\classfile\systemDictionary.cpp, line 312]
Event: 6.960 Thread 0x000001c840254be0 Exception <a 'java/lang/ClassNotFoundException'{0x00000001c7a61a68}: org/gradle/api/tasks/compile/CompileOptionsCustomizer> (0x00000001c7a61a68) 
thrown [s\src\hotspot\share\classfile\systemDictionary.cpp, line 312]
Event: 6.961 Thread 0x000001c840254be0 Exception <a 'java/lang/ClassNotFoundException'{0x00000001c7aa0738}: org/gradle/api/tasks/compile/CompileOptions_DecoratedCustomizer> (0x00000001c7aa0738) 
thrown [s\src\hotspot\share\classfile\systemDictionary.cpp, line 312]
Event: 6.966 Thread 0x000001c840254be0 Exception <a 'java/lang/ClassNotFoundException'{0x00000001c7b4ef40}: org/gradle/api/internal/provider/DefaultPropertyBeanInfo> (0x00000001c7b4ef40) 
thrown [s\src\hotspot\share\classfile\systemDictionary.cpp, line 312]
Event: 6.966 Thread 0x000001c840254be0 Exception <a 'java/lang/ClassNotFoundException'{0x00000001c7b5a818}: org/gradle/api/internal/provider/AbstractPropertyBeanInfo> (0x00000001c7b5a818) 
thrown [s\src\hotspot\share\classfile\systemDictionary.cpp, line 312]
Event: 6.966 Thread 0x000001c840254be0 Exception <a 'java/lang/ClassNotFoundException'{0x00000001c7b662b0}: org/gradle/api/internal/provider/AbstractMinimalProviderBeanInfo> (0x00000001c7b662b0) 
thrown [s\src\hotspot\share\classfile\systemDictionary.cpp, line 312]
Event: 6.967 Thread 0x000001c840254be0 Exception <a 'java/lang/ClassNotFoundException'{0x00000001c7b71fa0}: org/gradle/api/internal/provider/AbstractMinimalProviderCustomizer> (0x00000001c7b71fa0) 
thrown [s\src\hotspot\share\classfile\systemDictionary.cpp, line 312]
Event: 6.968 Thread 0x000001c840254be0 Exception <a 'java/lang/ClassNotFoundException'{0x00000001c7b9d758}: org/gradle/api/internal/provider/AbstractPropertyCustomizer> (0x00000001c7b9d758) 
thrown [s\src\hotspot\share\classfile\systemDictionary.cpp, line 312]
Event: 6.969 Thread 0x000001c840254be0 Exception <a 'java/lang/ClassNotFoundException'{0x00000001c7bbf710}: org/gradle/api/internal/provider/DefaultPropertyCustomizer> (0x00000001c7bbf710) 
thrown [s\src\hotspot\share\classfile\systemDictionary.cpp, line 312]
Event: 6.998 Thread 0x000001c840254be0 Exception <a 'java/lang/NoSuchMethodError'{0x00000001c7caac50}: 'java.lang.Object java.lang.invoke.DirectMethodHandle$Holder.newInvokeSpecial(java.lang.Object, java.lang.Object, java.lang.Object, java.lang.Object, java.lang.Object, java.lang.Object, int)'> (0x00000001c7caac50) 
thrown [s\src\hotspot\share\interpreter\linkResolver.cpp, line 773]
Event: 6.999 Thread 0x000001c840254be0 Exception <a 'java/lang/NoSuchMethodError'{0x00000001c7cafb60}: 'java.lang.Object java.lang.invoke.DirectMethodHandle$Holder.invokeSpecial(java.lang.Object, java.lang.Object, java.lang.Object, java.lang.Object, java.lang.Object, java.lang.Object, java.lang.Object, int)'> (0x00000001c7cafb60) 
thrown [s\src\hotspot\share\interpreter\linkResolver.cpp, line 773]
Event: 6.999 Thread 0x000001c840254be0 Exception <a 'java/lang/NoSuchMethodError'{0x00000001c7cb4240}: 'java.lang.Object java.lang.invoke.Invokers$Holder.linkToTargetMethod(java.lang.Object, java.lang.Object, java.lang.Object, java.lang.Object, java.lang.Object, int, java.lang.Object)'> (0x00000001c7cb4240) 
thrown [s\src\hotspot\share\interpreter\linkResolver.cpp, line 773]
Event: 7.061 Thread 0x000001c841514820 Exception <a 'java/lang/NoSuchMethodError'{0x00000001c7feb7a0}: 'void java.lang.invoke.DirectMethodHandle$Holder.invokeStatic(java.lang.Object, long)'> (0x00000001c7feb7a0) 
thrown [s\src\hotspot\share\interpreter\linkResolver.cpp, line 773]
Event: 7.865 Thread 0x000001c840254be0 Exception <a 'java/lang/NoSuchMethodError'{0x00000001c62a2570}: 'int java.lang.invoke.DirectMethodHandle$Holder.invokeSpecial(java.lang.Object, java.lang.Object, int, java.lang.Object)'> (0x00000001c62a2570) 
thrown [s\src\hotspot\share\interpreter\linkResolver.cpp, line 773]
Event: 7.887 Thread 0x000001c841511a30 Exception <a 'java/lang/NoSuchMethodError'{0x00000001c64f8670}: 'java.lang.Object java.lang.invoke.DirectMethodHandle$Holder.newInvokeSpecial(java.lang.Object, java.lang.Object, int, java.lang.Object, java.lang.Object)'> (0x00000001c64f8670) 
thrown [s\src\hotspot\share\interpreter\linkResolver.cpp, line 773]
Event: 7.887 Thread 0x000001c841511a30 Exception <a 'java/lang/NoSuchMethodError'{0x00000001c64fc338}: 'java.lang.Object java.lang.invoke.Invokers$Holder.linkToTargetMethod(java.lang.Object, int, java.lang.Object, java.lang.Object, java.lang.Object)'> (0x00000001c64fc338) 
thrown [s\src\hotspot\share\interpreter\linkResolver.cpp, line 773]
Event: 7.903 Thread 0x000001c841512750 Exception <a 'java/lang/NoSuchMethodError'{0x00000001c66c9370}: 'void java.lang.invoke.DirectMethodHandle$Holder.invokeSpecial(java.lang.Object, java.lang.Object, java.lang.Object, java.lang.Object, int, java.lang.Object, java.lang.Object)'> (0x00000001c66c9370) 
thrown [s\src\hotspot\share\interpreter\linkResolver.cpp, line 773]
Event: 7.968 Thread 0x000001c841511a30 Exception <a 'java/lang/IncompatibleClassChangeError'{0x00000001c6c43af0}: Found class java.lang.Object, but interface was expected> (0x00000001c6c43af0) 
thrown [s\src\hotspot\share\interpreter\linkResolver.cpp, line 840]
Event: 7.974 Thread 0x000001c841511a30 Exception <a 'java/lang/NoSuchMethodError'{0x00000001c6c67ee0}: static Ljava/lang/Object;.<clinit>()V> (0x00000001c6c67ee0) 
thrown [s\src\hotspot\share\prims\jni.cpp, line 1111]
Event: 8.308 Thread 0x000001c841511a30 Exception <a 'java/lang/NoSuchMethodError'{0x00000001dd88a9a8}: 'int java.lang.invoke.DirectMethodHandle$Holder.invokeStaticInit(java.lang.Object, java.lang.Object, java.lang.Object, java.lang.Object, java.lang.Object)'> (0x00000001dd88a9a8) 
thrown [s\src\hotspot\share\interpreter\linkResolver.cpp, line 773]

ZGC Phase Switch (0 events):
No events

VM Operations (20 events):
Event: 7.909 Executing VM operation: HandshakeAllThreads (Deoptimize)
Event: 7.909 Executing VM operation: HandshakeAllThreads (Deoptimize) done
Event: 7.909 Executing VM operation: ICBufferFull
Event: 7.909 Executing VM operation: ICBufferFull done
Event: 7.951 Executing VM operation: HandshakeAllThreads (Deoptimize)
Event: 7.951 Executing VM operation: HandshakeAllThreads (Deoptimize) done
Event: 7.952 Executing VM operation: HandshakeAllThreads (Deoptimize)
Event: 7.952 Executing VM operation: HandshakeAllThreads (Deoptimize) done
Event: 8.023 Executing VM operation: G1CollectForAllocation (G1 Evacuation Pause)
Event: 8.029 Executing VM operation: G1CollectForAllocation (G1 Evacuation Pause) done
Event: 8.070 Executing VM operation: HandshakeAllThreads (Deoptimize)
Event: 8.070 Executing VM operation: HandshakeAllThreads (Deoptimize) done
Event: 8.174 Executing VM operation: ICBufferFull
Event: 8.174 Executing VM operation: ICBufferFull done
Event: 8.326 Executing VM operation: HandshakeAllThreads (Deoptimize)
Event: 8.326 Executing VM operation: HandshakeAllThreads (Deoptimize) done
Event: 8.334 Executing VM operation: HandshakeAllThreads (Deoptimize)
Event: 8.334 Executing VM operation: HandshakeAllThreads (Deoptimize) done
Event: 8.355 Executing VM operation: ICBufferFull
Event: 8.355 Executing VM operation: ICBufferFull done

Memory protections (0 events):
No events

Nmethod flushes (20 events):
Event: 5.326 Thread 0x000001c7d6d22cd0 flushing  nmethod 0x000001c7c739db10
Event: 5.326 Thread 0x000001c7d6d22cd0 flushing  nmethod 0x000001c7c74e4e90
Event: 5.326 Thread 0x000001c7d6d22cd0 flushing  nmethod 0x000001c7c74e7290
Event: 5.326 Thread 0x000001c7d6d22cd0 flushing  nmethod 0x000001c7c7543a90
Event: 5.326 Thread 0x000001c7d6d22cd0 flushing  nmethod 0x000001c7c75e3690
Event: 5.326 Thread 0x000001c7d6d22cd0 flushing  nmethod 0x000001c7c7604210
Event: 5.326 Thread 0x000001c7d6d22cd0 flushing  nmethod 0x000001c7c7608c10
Event: 5.326 Thread 0x000001c7d6d22cd0 flushing  nmethod 0x000001c7c7684f10
Event: 5.326 Thread 0x000001c7d6d22cd0 flushing  nmethod 0x000001c7c7685990
Event: 5.326 Thread 0x000001c7d6d22cd0 flushing  nmethod 0x000001c7c7687390
Event: 5.326 Thread 0x000001c7d6d22cd0 flushing  nmethod 0x000001c7c7687790
Event: 5.326 Thread 0x000001c7d6d22cd0 flushing  nmethod 0x000001c7c7687a90
Event: 5.326 Thread 0x000001c7d6d22cd0 flushing  nmethod 0x000001c7c7689590
Event: 5.326 Thread 0x000001c7d6d22cd0 flushing  nmethod 0x000001c7c7689990
Event: 5.326 Thread 0x000001c7d6d22cd0 flushing  nmethod 0x000001c7c768ac10
Event: 5.326 Thread 0x000001c7d6d22cd0 flushing  nmethod 0x000001c7c7791f10
Event: 5.326 Thread 0x000001c7d6d22cd0 flushing  nmethod 0x000001c7c7792510
Event: 5.326 Thread 0x000001c7d6d22cd0 flushing  nmethod 0x000001c7c7796690
Event: 5.326 Thread 0x000001c7d6d22cd0 flushing  nmethod 0x000001c7c7914090
Event: 5.326 Thread 0x000001c7d6d22cd0 flushing  nmethod 0x000001c7c7915b10

Events (20 events):
Event: 8.088 Thread 0x000001c8442eda90 Thread added: 0x000001c8442ed3c0
Event: 8.091 Thread 0x000001c8442eccf0 Thread added: 0x000001c8442f17e0
Event: 8.116 Thread 0x000001c8442eda90 Thread added: 0x000001c8442f1110
Event: 8.116 Thread 0x000001c8442eda90 Thread added: 0x000001c8442ee160
Event: 8.116 Thread 0x000001c8442eda90 Thread added: 0x000001c8442f2580
Event: 8.198 Thread 0x000001c841511a30 Thread added: 0x000001c841de2310
Event: 8.199 Thread 0x000001c841511a30 Thread added: 0x000001c846c8b830
Event: 8.204 Thread 0x000001c841511a30 Thread added: 0x000001c846c8a480
Event: 8.206 Thread 0x000001c841511a30 Thread added: 0x000001c846c89df0
Event: 8.206 Thread 0x000001c841511a30 Thread added: 0x000001c846c8ab10
Event: 8.206 Thread 0x000001c841511a30 Thread added: 0x000001c846c8b1a0
Event: 8.206 Thread 0x000001c841511a30 Thread added: 0x000001c846c8bec0
Event: 8.206 Thread 0x000001c841511a30 Thread added: 0x000001c846c890d0
Event: 8.207 Thread 0x000001c841511a30 Thread added: 0x000001c846c88a40
Event: 8.207 Thread 0x000001c841511a30 Thread added: 0x000001c846c8c550
Event: 8.207 Thread 0x000001c841511a30 Thread added: 0x000001c846c8cbe0
Event: 8.207 Thread 0x000001c841511a30 Thread added: 0x000001c846c89760
Event: 8.207 Thread 0x000001c841511a30 Thread added: 0x000001c846c8e620
Event: 8.208 Thread 0x000001c841511a30 Thread added: 0x000001c846c8ecb0
Event: 8.208 Thread 0x000001c841511a30 Thread added: 0x000001c846c8f340


Dynamic libraries:
0x00007ff78e050000 - 0x00007ff78e05e000 	C:\Program Files\Eclipse Adoptium\jdk-21.0.6.7-hotspot\bin\java.exe
0x00007ffd2ba40000 - 0x00007ffd2bca8000 	C:\WINDOWS\SYSTEM32\ntdll.dll
0x00007ffd2a870000 - 0x00007ffd2a939000 	C:\WINDOWS\System32\KERNEL32.DLL
0x00007ffd28590000 - 0x00007ffd28981000 	C:\WINDOWS\System32\KERNELBASE.dll
0x00007ffd28990000 - 0x00007ffd28adb000 	C:\WINDOWS\System32\ucrtbase.dll
0x00007ffcff610000 - 0x00007ffcff62e000 	C:\Program Files\Eclipse Adoptium\jdk-21.0.6.7-hotspot\bin\VCRUNTIME140.dll
0x00007ffd0da80000 - 0x00007ffd0da98000 	C:\Program Files\Eclipse Adoptium\jdk-21.0.6.7-hotspot\bin\jli.dll
0x00007ffd2a3e0000 - 0x00007ffd2a5a6000 	C:\WINDOWS\System32\USER32.dll
0x00007ffd0f080000 - 0x00007ffd0f313000 	C:\WINDOWS\WinSxS\amd64_microsoft.windows.common-controls_6595b64144ccf1df_6.0.26100.7824_none_3e0870b2e3345462\COMCTL32.dll
0x00007ffd284a0000 - 0x00007ffd284c7000 	C:\WINDOWS\System32\win32u.dll
0x00007ffd2a840000 - 0x00007ffd2a86b000 	C:\WINDOWS\System32\GDI32.dll
0x00007ffd2b060000 - 0x00007ffd2b109000 	C:\WINDOWS\System32\msvcrt.dll
0x00007ffd28c50000 - 0x00007ffd28d7b000 	C:\WINDOWS\System32\gdi32full.dll
0x00007ffd28ec0000 - 0x00007ffd28f63000 	C:\WINDOWS\System32\msvcp_win.dll
0x00007ffd2a660000 - 0x00007ffd2a691000 	C:\WINDOWS\System32\IMM32.DLL
0x00007ffd0da70000 - 0x00007ffd0da7c000 	C:\Program Files\Eclipse Adoptium\jdk-21.0.6.7-hotspot\bin\vcruntime140_1.dll
0x00007ffcd2f10000 - 0x00007ffcd2f9d000 	C:\Program Files\Eclipse Adoptium\jdk-21.0.6.7-hotspot\bin\msvcp140.dll
0x00007ffc13830000 - 0x00007ffc145c0000 	C:\Program Files\Eclipse Adoptium\jdk-21.0.6.7-hotspot\bin\server\jvm.dll
0x00007ffd2b290000 - 0x00007ffd2b344000 	C:\WINDOWS\System32\ADVAPI32.dll
0x00007ffd2a5b0000 - 0x00007ffd2a656000 	C:\WINDOWS\System32\sechost.dll
0x00007ffd2af40000 - 0x00007ffd2b058000 	C:\WINDOWS\System32\RPCRT4.dll
0x00007ffd2b110000 - 0x00007ffd2b184000 	C:\WINDOWS\System32\WS2_32.dll
0x00007ffd28180000 - 0x00007ffd281de000 	C:\WINDOWS\SYSTEM32\POWRPROF.dll
0x00007ffd21e20000 - 0x00007ffd21e2b000 	C:\WINDOWS\SYSTEM32\VERSION.dll
0x00007ffd1bbc0000 - 0x00007ffd1bbf5000 	C:\WINDOWS\SYSTEM32\WINMM.dll
0x00007ffd28160000 - 0x00007ffd28174000 	C:\WINDOWS\SYSTEM32\UMPDC.dll
0x00007ffd270c0000 - 0x00007ffd270db000 	C:\WINDOWS\SYSTEM32\kernel.appcore.dll
0x00007ffd0af90000 - 0x00007ffd0af9a000 	C:\Program Files\Eclipse Adoptium\jdk-21.0.6.7-hotspot\bin\jimage.dll
0x00007ffd25f60000 - 0x00007ffd261a2000 	C:\WINDOWS\SYSTEM32\DBGHELP.DLL
0x00007ffd2b350000 - 0x00007ffd2b6d6000 	C:\WINDOWS\System32\combase.dll
0x00007ffd2ae60000 - 0x00007ffd2af37000 	C:\WINDOWS\System32\OLEAUT32.dll
0x00007ffd02780000 - 0x00007ffd027bb000 	C:\WINDOWS\SYSTEM32\dbgcore.DLL
0x00007ffd28e10000 - 0x00007ffd28eb5000 	C:\WINDOWS\System32\bcryptPrimitives.dll
0x00007ffd03e50000 - 0x00007ffd03e5f000 	C:\Program Files\Eclipse Adoptium\jdk-21.0.6.7-hotspot\bin\instrument.dll
0x00007ffce6760000 - 0x00007ffce677f000 	C:\Program Files\Eclipse Adoptium\jdk-21.0.6.7-hotspot\bin\java.dll
0x00007ffd29b80000 - 0x00007ffd2a2d2000 	C:\WINDOWS\System32\SHELL32.dll
0x00007ffd28ae0000 - 0x00007ffd28c4a000 	C:\WINDOWS\System32\wintypes.dll
0x00007ffd28f70000 - 0x00007ffd297d3000 	C:\WINDOWS\System32\windows.storage.dll
0x00007ffd2a740000 - 0x00007ffd2a836000 	C:\WINDOWS\System32\SHCORE.dll
0x00007ffd2a2e0000 - 0x00007ffd2a347000 	C:\WINDOWS\System32\shlwapi.dll
0x00007ffd28240000 - 0x00007ffd28269000 	C:\WINDOWS\SYSTEM32\profapi.dll
0x00007ffcd2e30000 - 0x00007ffcd2f07000 	C:\Program Files\Eclipse Adoptium\jdk-21.0.6.7-hotspot\bin\jsvml.dll
0x00007ffce6050000 - 0x00007ffce6068000 	C:\Program Files\Eclipse Adoptium\jdk-21.0.6.7-hotspot\bin\zip.dll
0x00007ffd0ac50000 - 0x00007ffd0ac60000 	C:\Program Files\Eclipse Adoptium\jdk-21.0.6.7-hotspot\bin\net.dll
0x00007ffd225b0000 - 0x00007ffd226d7000 	C:\WINDOWS\SYSTEM32\WINHTTP.dll
0x00007ffd27630000 - 0x00007ffd2769b000 	C:\WINDOWS\system32\mswsock.dll
0x00007ffce6740000 - 0x00007ffce6756000 	C:\Program Files\Eclipse Adoptium\jdk-21.0.6.7-hotspot\bin\nio.dll
0x00007ffd08850000 - 0x00007ffd08860000 	C:\Program Files\Eclipse Adoptium\jdk-21.0.6.7-hotspot\bin\verify.dll
0x00007ffd0db20000 - 0x00007ffd0db47000 	C:\Users\samue\.gradle\native\660c5614fbf4a5f2a75b1949f50a0caf5cd603558e7d8a26e50b933a0cfb79d1\windows-amd64\native-platform.dll
0x00007ffd0daa0000 - 0x00007ffd0db17000 	C:\Users\samue\.gradle\native\0.2.8\x86_64-windows-gnu\gradle-fileevents.dll
0x00007ffd08950000 - 0x00007ffd0895a000 	C:\Program Files\Eclipse Adoptium\jdk-21.0.6.7-hotspot\bin\management.dll
0x00007ffd088a0000 - 0x00007ffd088ab000 	C:\Program Files\Eclipse Adoptium\jdk-21.0.6.7-hotspot\bin\management_ext.dll
0x00007ffd2a940000 - 0x00007ffd2a948000 	C:\WINDOWS\System32\PSAPI.DLL
0x00007ffd26ae0000 - 0x00007ffd26b14000 	C:\WINDOWS\SYSTEM32\IPHLPAPI.DLL
0x00007ffd2b9f0000 - 0x00007ffd2b9fa000 	C:\WINDOWS\System32\NSI.dll
0x00007ffd07130000 - 0x00007ffd07139000 	C:\Program Files\Eclipse Adoptium\jdk-21.0.6.7-hotspot\bin\extnet.dll
0x00007ffd27900000 - 0x00007ffd2791b000 	C:\WINDOWS\SYSTEM32\CRYPTSP.dll
0x00007ffd27020000 - 0x00007ffd27059000 	C:\WINDOWS\system32\rsaenh.dll
0x00007ffd276e0000 - 0x00007ffd2770b000 	C:\WINDOWS\SYSTEM32\USERENV.dll
0x00007ffd28210000 - 0x00007ffd2823a000 	C:\WINDOWS\SYSTEM32\bcrypt.dll
0x00007ffd27920000 - 0x00007ffd2792c000 	C:\WINDOWS\SYSTEM32\CRYPTBASE.dll
0x00007ffd03e10000 - 0x00007ffd03e1e000 	C:\Program Files\Eclipse Adoptium\jdk-21.0.6.7-hotspot\bin\sunmscapi.dll
0x00007ffd28320000 - 0x00007ffd28497000 	C:\WINDOWS\System32\CRYPT32.dll
0x00007ffd27b20000 - 0x00007ffd27b50000 	C:\WINDOWS\SYSTEM32\ncrypt.dll
0x00007ffd27ad0000 - 0x00007ffd27b0f000 	C:\WINDOWS\SYSTEM32\NTASN1.dll
0x00007ffcd9730000 - 0x00007ffcd9738000 	C:\WINDOWS\system32\wshunix.dll

dbghelp: loaded successfully - version: 4.0.5 - missing functions: none
symbol engine: initialized successfully - sym options: 0x614 - pdb path: .;C:\Program Files\Eclipse Adoptium\jdk-21.0.6.7-hotspot\bin;C:\WINDOWS\SYSTEM32;C:\WINDOWS\WinSxS\amd64_microsoft.windows.common-controls_6595b64144ccf1df_6.0.26100.7824_none_3e0870b2e3345462;C:\Program Files\Eclipse Adoptium\jdk-21.0.6.7-hotspot\bin\server;C:\Users\samue\.gradle\native\660c5614fbf4a5f2a75b1949f50a0caf5cd603558e7d8a26e50b933a0cfb79d1\windows-amd64;C:\Users\samue\.gradle\native\0.2.8\x86_64-windows-gnu

VM Arguments:
jvm_args: --add-opens=java.base/java.lang=ALL-UNNAMED --add-opens=java.base/java.lang.invoke=ALL-UNNAMED --add-opens=java.base/java.util=ALL-UNNAMED --add-opens=java.prefs/java.util.prefs=ALL-UNNAMED --add-exports=jdk.compiler/com.sun.tools.javac.api=ALL-UNNAMED --add-exports=jdk.compiler/com.sun.tools.javac.util=ALL-UNNAMED --add-opens=java.base/java.util=ALL-UNNAMED --add-opens=java.prefs/java.util.prefs=ALL-UNNAMED --add-opens=java.base/java.nio.charset=ALL-UNNAMED --add-opens=java.base/java.net=ALL-UNNAMED --add-opens=java.base/java.util.concurrent=ALL-UNNAMED --add-opens=java.base/java.util.concurrent.atomic=ALL-UNNAMED --add-opens=java.xml/javax.xml.namespace=ALL-UNNAMED --add-opens=java.base/java.time=ALL-UNNAMED -Xmx2G -Dfile.encoding=UTF-8 -Duser.country=BR -Duser.language=pt -Duser.variant -javaagent:C:\Users\samue\.gradle\wrapper\dists\gradle-9.2.1-bin\2t0n5ozlw9xmuyvbp7dnzaxug\gradle-9.2.1\lib\agents\gradle-instrumentation-agent-9.2.1.jar -Xmx25G 
java_command: org.gradle.launcher.daemon.bootstrap.GradleDaemon 9.2.1
java_class_path (initial): C:\Users\samue\.gradle\wrapper\dists\gradle-9.2.1-bin\2t0n5ozlw9xmuyvbp7dnzaxug\gradle-9.2.1\lib\gradle-daemon-main-9.2.1.jar
Launcher Type: SUN_STANDARD

[Global flags]
     intx CICompilerCount                          = 12                                        {product} {ergonomic}
     uint ConcGCThreads                            = 3                                         {product} {ergonomic}
     uint G1ConcRefinementThreads                  = 13                                        {product} {ergonomic}
   size_t G1HeapRegionSize                         = 16777216                                  {product} {ergonomic}
    uintx GCDrainStackTargetSize                   = 64                                        {product} {ergonomic}
   size_t InitialHeapSize                          = 536870912                                 {product} {ergonomic}
   size_t MarkStackSize                            = 4194304                                   {product} {ergonomic}
   size_t MaxHeapSize                              = 26843545600                               {product} {command line}
   size_t MaxNewSize                               = 16106127360                               {product} {ergonomic}
   size_t MinHeapDeltaBytes                        = 16777216                                  {product} {ergonomic}
   size_t MinHeapSize                              = 16777216                                  {product} {ergonomic}
    uintx NonNMethodCodeHeapSize                   = 7602480                                {pd product} {ergonomic}
    uintx NonProfiledCodeHeapSize                  = 122027880                              {pd product} {ergonomic}
    uintx ProfiledCodeHeapSize                     = 122027880                              {pd product} {ergonomic}
    uintx ReservedCodeCacheSize                    = 251658240                              {pd product} {ergonomic}
     bool SegmentedCodeCache                       = true                                      {product} {ergonomic}
   size_t SoftMaxHeapSize                          = 26843545600                            {manageable} {ergonomic}
     bool UseCompressedOops                        = true                           {product lp64_product} {ergonomic}
     bool UseG1GC                                  = true                                      {product} {ergonomic}
     bool UseLargePagesIndividualAllocation        = false                                  {pd product} {ergonomic}

Logging:
Log output configuration:
 #0: stdout all=warning uptime,level,tags foldmultilines=false
 #1: stderr all=off uptime,level,tags foldmultilines=false

Environment Variables:
_JAVA_OPTIONS=-Xmx25G
PATH=C:\Program Files\Eclipse Adoptium\jdk-21.0.6.7-hotspot\bin;C:\Program Files\Common Files\Oracle\Java\javapath;C:\Program Files (x86)\Common Files\Oracle\Java\java8path;C:\Program Files (x86)\Common Files\Oracle\Java\javapath;C:\WINDOWS\system32;C:\WINDOWS;C:\WINDOWS\System32\Wbem;C:\WINDOWS\System32\WindowsPowerShell\v1.0\;C:\WINDOWS\System32\OpenSSH\;C:\Program Files (x86)\Bitvise SSH Client;C:\Program Files\NVIDIA Corporation\NVIDIA App\NvDLISR;C:\Program Files (x86)\NVIDIA Corporation\PhysX\Common;C:\Program Files\Cloudflare\Cloudflare WARP\;C:\Program Files\Git\cmd;C:\Users\samue\AppData\Local\Microsoft\WindowsApps;C:\Users\samue\AppData\Local\Programs\Microsoft VS Code\bin;
USERNAME=samue
OS=Windows_NT
PROCESSOR_IDENTIFIER=AMD64 Family 25 Model 33 Stepping 2, AuthenticAMD
TMP=C:\Users\samue\AppData\Local\Temp
TEMP=C:\Users\samue\AppData\Local\Temp




Periodic native trim disabled

---------------  S Y S T E M  ---------------

OS:
 Windows 11 , 64 bit Build 26100 (10.0.26100.7705)
OS uptime: 0 days 4:07 hours

CPU: total 16 (initial active 16) (16 cores per cpu, 2 threads per core) family 25 model 33 stepping 2 microcode 0xa20120a, cx8, cmov, fxsr, ht, mmx, 3dnowpref, sse, sse2, sse3, ssse3, sse4a, sse4.1, sse4.2, popcnt, lzcnt, tsc, tscinvbit, avx, avx2, aes, erms, clmul, bmi1, bmi2, adx, sha, fma, vzeroupper, clflush, clflushopt, rdtscp, rdpid, fsrm, f16c, pku, cet_ss
Processor Information for the first 16 processors :
  Max Mhz: 3401, Current Mhz: 3401, Mhz Limit: 3401

Memory: 4k page, system-wide physical 32694M (2617M free)
TotalPageFile size 67510M (AvailPageFile size 14836M)
current process WorkingSet (physical memory assigned to process): 442M, peak: 442M
current process commit charge ("private bytes"): 496M, peak: 736M

vm_info: OpenJDK 64-Bit Server VM (21.0.6+7-LTS) for windows-amd64 JRE (21.0.6+7-LTS), built on 2025-01-21T00:00:00Z by "admin" with MS VC++ 17.7 (VS2022)

END.
